#
# There is insufficient memory for the Java Runtime Environment to continue.
# Native memory allocation (malloc) failed to allocate 1939376 bytes for Chunk::new
# Possible reasons:
#   The system is out of physical RAM or swap space
#   The process is running with CompressedOops enabled, and the Java Heap may be blocking the growth of the native heap
# Possible solutions:
#   Reduce memory load on the system
#   Increase physical memory or swap space
#   Check if swap backing store is full
#   Decrease Java heap size (-Xmx/-Xms)
#   Decrease number of Java threads
#   Decrease Java thread stack sizes (-Xss)
#   Set larger code cache with -XX:ReservedCodeCacheSize=
#   JVM is running with Unscaled Compressed Oops mode in which the Java heap is
#     placed in the first 4GB address space. The Java Heap base address is the
#     maximum limit for the native heap growth. Please use -XX:HeapBaseMinAddress
#     to set the Java Heap base and to place the Java Heap above 4GB virtual address.
# This output file may be truncated or incomplete.
#
#  Out of Memory Error (./src/hotspot/share/memory/arena.cpp:197), pid=8952, tid=1888
#
# JRE version: OpenJDK Runtime Environment Corretto-11.0.17.8.1 (11.0.17+8) (build 11.0.17+8-LTS)
# Java VM: OpenJDK 64-Bit Server VM Corretto-11.0.17.8.1 (11.0.17+8-LTS, mixed mode, tiered, compressed oops, g1 gc, windows-amd64)
# No core dump will be written. Minidumps are not enabled by default on client versions of Windows
#

---------------  S U M M A R Y ------------

Command Line: --add-opens=java.base/java.util=ALL-UNNAMED --add-opens=java.base/java.lang=ALL-UNNAMED --add-opens=java.base/java.lang.invoke=ALL-UNNAMED --add-opens=java.base/java.util=ALL-UNNAMED --add-opens=java.prefs/java.util.prefs=ALL-UNNAMED --add-opens=java.prefs/java.util.prefs=ALL-UNNAMED --add-opens=java.base/java.nio.charset=ALL-UNNAMED --add-opens=java.base/java.net=ALL-UNNAMED --add-opens=java.base/java.util.concurrent.atomic=ALL-UNNAMED -XX:MaxMetaspaceSize=256m -XX:+HeapDumpOnOutOfMemoryError -Xms256m -Xmx512m -Dfile.encoding=windows-1251 -Duser.country=RU -Duser.language=ru -Duser.variant org.gradle.launcher.daemon.bootstrap.GradleDaemon 7.4

Host: 11th Gen Intel(R) Core(TM) i7-1165G7 @ 2.80GHz, 8 cores, 15G,  Windows 11 , 64 bit Build 22000 (10.0.22000.1761)
Time: Mon Apr 17 20:42:50 2023 RTZ 2 (s 11 , 64 bit Build 22000 (10.0.22000.1761) elapsed time: 8.331974 seconds (0d 0h 0m 8s)

---------------  T H R E A D  ---------------

Current thread (0x0000029bef9db800):  JavaThread "C2 CompilerThread2" daemon [_thread_in_native, id=1888, stack(0x000000b23ad00000,0x000000b23ae00000)]


Current CompileTask:
C2:   8332 6153       4       java.net.URLClassLoader$1::run (5 bytes)

Stack: [0x000000b23ad00000,0x000000b23ae00000]
Native frames: (J=compiled Java code, j=interpreted, Vv=VM code, C=native code)
V  [jvm.dll+0x61f66a]
V  [jvm.dll+0x7ac889]
V  [jvm.dll+0x7adf78]
V  [jvm.dll+0x7ae653]
V  [jvm.dll+0x24fbe8]
V  [jvm.dll+0xc262c]
V  [jvm.dll+0xc2bec]
V  [jvm.dll+0x35a037]
V  [jvm.dll+0x19e8c9]
V  [jvm.dll+0x209165]
V  [jvm.dll+0x20818d]
V  [jvm.dll+0x18a3c1]
V  [jvm.dll+0x217894]
V  [jvm.dll+0x215adb]
V  [jvm.dll+0x76f380]
V  [jvm.dll+0x7682b4]
V  [jvm.dll+0x61e4d5]
C  [ucrtbase.dll+0x26c0c]
C  [KERNEL32.DLL+0x15590]
C  [ntdll.dll+0x485b]


---------------  P R O C E S S  ---------------

Threads class SMR info:
_java_thread_list=0x0000029bef27fa80, length=47, elements={
0x0000029bd2733800, 0x0000029bedf49800, 0x0000029bedf54800, 0x0000029bee8bd000,
0x0000029bee8be000, 0x0000029bee8bf000, 0x0000029bee8c0800, 0x0000029bee8c5800,
0x0000029bee8c9800, 0x0000029beea36800, 0x0000029bf0798800, 0x0000029bf077f800,
0x0000029bf00b8800, 0x0000029bf0e04800, 0x0000029bef0be000, 0x0000029beec89800,
0x0000029bf1945000, 0x0000029bf0bb8000, 0x0000029bf0706000, 0x0000029bf0d9b800,
0x0000029bf09c3800, 0x0000029bf09c2800, 0x0000029bf09bd800, 0x0000029bf1d26000,
0x0000029bf09c1800, 0x0000029bf09be800, 0x0000029bf09bf800, 0x0000029bf09c0000,
0x0000029bf09c1000, 0x0000029bf09c4000, 0x0000029bf1cdb000, 0x0000029bf1cdf800,
0x0000029bf1cdc000, 0x0000029bf1cdd800, 0x0000029bf1ce1000, 0x0000029bf1ce2000,
0x0000029bf1ce2800, 0x0000029bf1ce0000, 0x0000029bf1cdd000, 0x0000029bef9db800,
0x0000029bf1ce4000, 0x0000029bf1ce5000, 0x0000029bf1ce6000, 0x0000029bf1ce8800,
0x0000029bf1cea000, 0x0000029bf54c5000, 0x0000029bf54c7800
}

Java Threads: ( => current thread )
  0x0000029bd2733800 JavaThread "main" [_thread_blocked, id=12316, stack(0x000000b237700000,0x000000b237800000)]
  0x0000029bedf49800 JavaThread "Reference Handler" daemon [_thread_blocked, id=4212, stack(0x000000b237e00000,0x000000b237f00000)]
  0x0000029bedf54800 JavaThread "Finalizer" daemon [_thread_blocked, id=7848, stack(0x000000b237f00000,0x000000b238000000)]
  0x0000029bee8bd000 JavaThread "Signal Dispatcher" daemon [_thread_blocked, id=7932, stack(0x000000b238000000,0x000000b238100000)]
  0x0000029bee8be000 JavaThread "Attach Listener" daemon [_thread_blocked, id=16988, stack(0x000000b238100000,0x000000b238200000)]
  0x0000029bee8bf000 JavaThread "Service Thread" daemon [_thread_blocked, id=5276, stack(0x000000b238200000,0x000000b238300000)]
  0x0000029bee8c0800 JavaThread "C2 CompilerThread0" daemon [_thread_blocked, id=11352, stack(0x000000b238300000,0x000000b238400000)]
  0x0000029bee8c5800 JavaThread "C1 CompilerThread0" daemon [_thread_in_native, id=6808, stack(0x000000b238400000,0x000000b238500000)]
  0x0000029bee8c9800 JavaThread "Sweeper thread" daemon [_thread_blocked, id=15520, stack(0x000000b238500000,0x000000b238600000)]
  0x0000029beea36800 JavaThread "Common-Cleaner" daemon [_thread_blocked, id=18488, stack(0x000000b238600000,0x000000b238700000)]
  0x0000029bf0798800 JavaThread "Daemon health stats" [_thread_blocked, id=11732, stack(0x000000b238f00000,0x000000b239000000)]
  0x0000029bf077f800 JavaThread "Incoming local TCP Connector on port 56633" [_thread_in_native, id=16084, stack(0x000000b238800000,0x000000b238900000)]
  0x0000029bf00b8800 JavaThread "Daemon periodic checks" [_thread_blocked, id=11636, stack(0x000000b238900000,0x000000b238a00000)]
  0x0000029bf0e04800 JavaThread "Daemon" [_thread_blocked, id=17960, stack(0x000000b239000000,0x000000b239100000)]
  0x0000029bef0be000 JavaThread "Handler for socket connection from /127.0.0.1:56633 to /127.0.0.1:56634" [_thread_in_native, id=8284, stack(0x000000b239100000,0x000000b239200000)]
  0x0000029beec89800 JavaThread "Cancel handler" [_thread_blocked, id=11648, stack(0x000000b239200000,0x000000b239300000)]
  0x0000029bf1945000 JavaThread "Daemon worker" [_thread_in_native, id=19328, stack(0x000000b239300000,0x000000b239400000)]
  0x0000029bf0bb8000 JavaThread "Asynchronous log dispatcher for DefaultDaemonConnection: socket connection from /127.0.0.1:56633 to /127.0.0.1:56634" [_thread_blocked, id=1936, stack(0x000000b239400000,0x000000b239500000)]
  0x0000029bf0706000 JavaThread "Stdin handler" [_thread_blocked, id=2884, stack(0x000000b239500000,0x000000b239600000)]
  0x0000029bf0d9b800 JavaThread "Daemon client event forwarder" [_thread_blocked, id=19144, stack(0x000000b239600000,0x000000b239700000)]
  0x0000029bf09c3800 JavaThread "Cache worker for journal cache (C:\Users\USER\.gradle\caches\journal-1)" [_thread_blocked, id=15248, stack(0x000000b239700000,0x000000b239800000)]
  0x0000029bf09c2800 JavaThread "File lock request listener" [_thread_in_native, id=14944, stack(0x000000b239800000,0x000000b239900000)]
  0x0000029bf09bd800 JavaThread "Cache worker for file hash cache (C:\Users\USER\.gradle\caches\7.4\fileHashes)" [_thread_blocked, id=9124, stack(0x000000b239c00000,0x000000b239d00000)]
  0x0000029bf1d26000 JavaThread "C2 CompilerThread1" daemon [_thread_blocked, id=18308, stack(0x000000b239d00000,0x000000b239e00000)]
  0x0000029bf09c1800 JavaThread "File watcher server" daemon [_thread_in_native, id=756, stack(0x000000b239e00000,0x000000b239f00000)]
  0x0000029bf09be800 JavaThread "File watcher consumer" daemon [_thread_blocked, id=3312, stack(0x000000b239f00000,0x000000b23a000000)]
  0x0000029bf09bf800 JavaThread "jar transforms" [_thread_blocked, id=18736, stack(0x000000b23a000000,0x000000b23a100000)]
  0x0000029bf09c0000 JavaThread "jar transforms Thread 2" [_thread_blocked, id=7772, stack(0x000000b23a100000,0x000000b23a200000)]
  0x0000029bf09c1000 JavaThread "jar transforms Thread 3" [_thread_blocked, id=7860, stack(0x000000b23a200000,0x000000b23a300000)]
  0x0000029bf09c4000 JavaThread "jar transforms Thread 4" [_thread_blocked, id=11056, stack(0x000000b23a300000,0x000000b23a400000)]
  0x0000029bf1cdb000 JavaThread "jar transforms Thread 5" [_thread_blocked, id=5728, stack(0x000000b23a400000,0x000000b23a500000)]
  0x0000029bf1cdf800 JavaThread "jar transforms Thread 6" [_thread_blocked, id=15008, stack(0x000000b23a500000,0x000000b23a600000)]
  0x0000029bf1cdc000 JavaThread "jar transforms Thread 7" [_thread_blocked, id=10068, stack(0x000000b23a600000,0x000000b23a700000)]
  0x0000029bf1cdd800 JavaThread "jar transforms Thread 8" [_thread_blocked, id=18156, stack(0x000000b23a700000,0x000000b23a800000)]
  0x0000029bf1ce1000 JavaThread "Cache worker for checksums cache (C:\QA\Unit\SQL\.gradle\7.4\checksums)" [_thread_blocked, id=13004, stack(0x000000b23a800000,0x000000b23a900000)]
  0x0000029bf1ce2000 JavaThread "Cache worker for cache directory md-rule (C:\Users\USER\.gradle\caches\7.4\md-rule)" [_thread_blocked, id=572, stack(0x000000b23a900000,0x000000b23aa00000)]
  0x0000029bf1ce2800 JavaThread "Cache worker for file hash cache (C:\QA\Unit\SQL\.gradle\7.4\fileHashes)" [_thread_blocked, id=5288, stack(0x000000b23aa00000,0x000000b23ab00000)]
  0x0000029bf1ce0000 JavaThread "Cache worker for cache directory md-supplier (C:\Users\USER\.gradle\caches\7.4\md-supplier)" [_thread_blocked, id=11800, stack(0x000000b23ab00000,0x000000b23ac00000)]
  0x0000029bf1cdd000 JavaThread "Cache worker for execution history cache (C:\Users\USER\.gradle\caches\7.4\executionHistory)" [_thread_blocked, id=6408, stack(0x000000b23ac00000,0x000000b23ad00000)]
=>0x0000029bef9db800 JavaThread "C2 CompilerThread2" daemon [_thread_in_native, id=1888, stack(0x000000b23ad00000,0x000000b23ae00000)]
  0x0000029bf1ce4000 JavaThread "Cache worker for file content cache (C:\Users\USER\.gradle\caches\7.4\fileContent)" [_thread_blocked, id=13688, stack(0x000000b23ae00000,0x000000b23af00000)]
  0x0000029bf1ce5000 JavaThread "Cache worker for dependencies-accessors (C:\QA\Unit\SQL\.gradle\7.4\dependencies-accessors)" [_thread_blocked, id=7620, stack(0x000000b23af00000,0x000000b23b000000)]
  0x0000029bf1ce6000 JavaThread "Cache worker for Build Output Cleanup Cache (C:\QA\Unit\SQL\.gradle\buildOutputCleanup)" [_thread_blocked, id=14952, stack(0x000000b23b000000,0x000000b23b100000)]
  0x0000029bf1ce8800 JavaThread "Memory manager" [_thread_blocked, id=7460, stack(0x000000b23b100000,0x000000b23b200000)]
  0x0000029bf1cea000 JavaThread "included builds" [_thread_blocked, id=16416, stack(0x000000b23b200000,0x000000b23b300000)]
  0x0000029bf54c5000 JavaThread "Cache worker for execution history cache (C:\QA\Unit\SQL\.gradle\7.4\executionHistory)" [_thread_blocked, id=18568, stack(0x000000b23ba00000,0x000000b23bb00000)]
  0x0000029bf54c7800 JavaThread "idea-tooling-model-converter" [_thread_blocked, id=8096, stack(0x000000b23b300000,0x000000b23b400000)]

Other Threads:
  0x0000029bedf48800 VMThread "VM Thread" [stack: 0x000000b237d00000,0x000000b237e00000] [id=3660]
  0x0000029beea44800 WatcherThread [stack: 0x000000b238700000,0x000000b238800000] [id=2192]
  0x0000029bd2747800 GCTaskThread "GC Thread#0" [stack: 0x000000b237800000,0x000000b237900000] [id=8696]
  0x0000029bef98e000 GCTaskThread "GC Thread#1" [stack: 0x000000b238a00000,0x000000b238b00000] [id=18180]
  0x0000029befb7c000 GCTaskThread "GC Thread#2" [stack: 0x000000b238b00000,0x000000b238c00000] [id=6184]
  0x0000029bef989000 GCTaskThread "GC Thread#3" [stack: 0x000000b238c00000,0x000000b238d00000] [id=15224]
  0x0000029bef98a000 GCTaskThread "GC Thread#4" [stack: 0x000000b238d00000,0x000000b238e00000] [id=19216]
  0x0000029bef98a800 GCTaskThread "GC Thread#5" [stack: 0x000000b238e00000,0x000000b238f00000] [id=18312]
  0x0000029bf0c08000 GCTaskThread "GC Thread#6" [stack: 0x000000b239900000,0x000000b239a00000] [id=10412]
  0x0000029bf0174000 GCTaskThread "GC Thread#7" [stack: 0x000000b239a00000,0x000000b239b00000] [id=12920]
  0x0000029bd275a800 ConcurrentGCThread "G1 Main Marker" [stack: 0x000000b237900000,0x000000b237a00000] [id=8128]
  0x0000029bd275b800 ConcurrentGCThread "G1 Conc#0" [stack: 0x000000b237a00000,0x000000b237b00000] [id=1208]
  0x0000029bf0b2c800 ConcurrentGCThread "G1 Conc#1" [stack: 0x000000b239b00000,0x000000b239c00000] [id=6948]
  0x0000029beddae800 ConcurrentGCThread "G1 Refine#0" [stack: 0x000000b237b00000,0x000000b237c00000] [id=1052]
  0x0000029bf5b88800 ConcurrentGCThread "G1 Refine#1" [stack: 0x000000b23b400000,0x000000b23b500000] [id=8520]
  0x0000029beddb1800 ConcurrentGCThread "G1 Young RemSet Sampling" [stack: 0x000000b237c00000,0x000000b237d00000] [id=13988]

Threads with active compile tasks:
C1 CompilerThread0     8390 6352       3       com.sun.org.apache.xerces.internal.util.SymbolTable$Entry::<init> (47 bytes)
C2 CompilerThread2     8390 6153       4       java.net.URLClassLoader$1::run (5 bytes)

VM state:not at safepoint (normal execution)

VM Mutex/Monitor currently owned by a thread: None

Heap address: 0x00000000e0000000, size: 512 MB, Compressed Oops mode: 32-bit
Narrow klass base: 0x0000000000000000, Narrow klass shift: 3
Compressed class space size: 260046848 Address: 0x0000000100000000

Heap:
 garbage-first heap   total 262144K, used 177873K [0x00000000e0000000, 0x0000000100000000)
  region size 1024K, 59 young (60416K), 16 survivors (16384K)
 Metaspace       used 72657K, capacity 74788K, committed 74920K, reserved 319488K
  class space    used 9415K, capacity 10119K, committed 10240K, reserved 253952K
Heap Regions: E=young(eden), S=young(survivor), O=old, HS=humongous(starts), HC=humongous(continues), CS=collection set, F=free, A=archive, TAMS=top-at-mark-start (previous, next)
|   0|0x00000000e0000000, 0x00000000e0100000, 0x00000000e0100000|100%|HS|  |TAMS 0x00000000e0100000, 0x00000000e0000000| Complete 
|   1|0x00000000e0100000, 0x00000000e0200000, 0x00000000e0200000|100%|HC|  |TAMS 0x00000000e0200000, 0x00000000e0100000| Complete 
|   2|0x00000000e0200000, 0x00000000e0300000, 0x00000000e0300000|100%| O|  |TAMS 0x00000000e0300000, 0x00000000e0200000| Untracked 
|   3|0x00000000e0300000, 0x00000000e0400000, 0x00000000e0400000|100%|HS|  |TAMS 0x00000000e0400000, 0x00000000e0300000| Complete 
|   4|0x00000000e0400000, 0x00000000e0500000, 0x00000000e0500000|100%|HC|  |TAMS 0x00000000e0500000, 0x00000000e0400000| Complete 
|   5|0x00000000e0500000, 0x00000000e0600000, 0x00000000e0600000|100%|HC|  |TAMS 0x00000000e0600000, 0x00000000e0500000| Complete 
|   6|0x00000000e0600000, 0x00000000e0700000, 0x00000000e0700000|100%| O|  |TAMS 0x00000000e0700000, 0x00000000e0600000| Untracked 
|   7|0x00000000e0700000, 0x00000000e0800000, 0x00000000e0800000|100%| O|  |TAMS 0x00000000e0800000, 0x00000000e0700000| Untracked 
|   8|0x00000000e0800000, 0x00000000e0900000, 0x00000000e0900000|100%| O|  |TAMS 0x00000000e0900000, 0x00000000e0800000| Untracked 
|   9|0x00000000e0900000, 0x00000000e0a00000, 0x00000000e0a00000|100%|HS|  |TAMS 0x00000000e0a00000, 0x00000000e0900000| Complete 
|  10|0x00000000e0a00000, 0x00000000e0b00000, 0x00000000e0b00000|100%|HC|  |TAMS 0x00000000e0b00000, 0x00000000e0a00000| Complete 
|  11|0x00000000e0b00000, 0x00000000e0c00000, 0x00000000e0c00000|100%|HC|  |TAMS 0x00000000e0c00000, 0x00000000e0b00000| Complete 
|  12|0x00000000e0c00000, 0x00000000e0d00000, 0x00000000e0d00000|100%|HS|  |TAMS 0x00000000e0d00000, 0x00000000e0c00000| Complete 
|  13|0x00000000e0d00000, 0x00000000e0e00000, 0x00000000e0e00000|100%|HC|  |TAMS 0x00000000e0e00000, 0x00000000e0d00000| Complete 
|  14|0x00000000e0e00000, 0x00000000e0f00000, 0x00000000e0f00000|100%|HC|  |TAMS 0x00000000e0f00000, 0x00000000e0e00000| Complete 
|  15|0x00000000e0f00000, 0x00000000e1000000, 0x00000000e1000000|100%|HS|  |TAMS 0x00000000e1000000, 0x00000000e0f00000| Complete 
|  16|0x00000000e1000000, 0x00000000e1100000, 0x00000000e1100000|100%|HC|  |TAMS 0x00000000e1100000, 0x00000000e1000000| Complete 
|  17|0x00000000e1100000, 0x00000000e1200000, 0x00000000e1200000|100%|HS|  |TAMS 0x00000000e1200000, 0x00000000e1100000| Complete 
|  18|0x00000000e1200000, 0x00000000e1300000, 0x00000000e1300000|100%|HC|  |TAMS 0x00000000e1300000, 0x00000000e1200000| Complete 
|  19|0x00000000e1300000, 0x00000000e1400000, 0x00000000e1400000|100%|HC|  |TAMS 0x00000000e1400000, 0x00000000e1300000| Complete 
|  20|0x00000000e1400000, 0x00000000e1500000, 0x00000000e1500000|100%|HC|  |TAMS 0x00000000e1500000, 0x00000000e1400000| Complete 
|  21|0x00000000e1500000, 0x00000000e1600000, 0x00000000e1600000|100%|HC|  |TAMS 0x00000000e1600000, 0x00000000e1500000| Complete 
|  22|0x00000000e1600000, 0x00000000e1700000, 0x00000000e1700000|100%| O|  |TAMS 0x00000000e1700000, 0x00000000e1600000| Untracked 
|  23|0x00000000e1700000, 0x00000000e1800000, 0x00000000e1800000|100%| O|  |TAMS 0x00000000e1800000, 0x00000000e1700000| Untracked 
|  24|0x00000000e1800000, 0x00000000e1900000, 0x00000000e1900000|100%| O|  |TAMS 0x00000000e1900000, 0x00000000e1800000| Untracked 
|  25|0x00000000e1900000, 0x00000000e1a00000, 0x00000000e1a00000|100%| O|  |TAMS 0x00000000e1a00000, 0x00000000e1900000| Untracked 
|  26|0x00000000e1a00000, 0x00000000e1b00000, 0x00000000e1b00000|100%| O|  |TAMS 0x00000000e1b00000, 0x00000000e1a00000| Untracked 
|  27|0x00000000e1b00000, 0x00000000e1c00000, 0x00000000e1c00000|100%| O|  |TAMS 0x00000000e1c00000, 0x00000000e1b00000| Untracked 
|  28|0x00000000e1c00000, 0x00000000e1d00000, 0x00000000e1d00000|100%| O|  |TAMS 0x00000000e1d00000, 0x00000000e1c00000| Untracked 
|  29|0x00000000e1d00000, 0x00000000e1e00000, 0x00000000e1e00000|100%| O|  |TAMS 0x00000000e1e00000, 0x00000000e1d00000| Untracked 
|  30|0x00000000e1e00000, 0x00000000e1f00000, 0x00000000e1f00000|100%| O|  |TAMS 0x00000000e1f00000, 0x00000000e1e00000| Untracked 
|  31|0x00000000e1f00000, 0x00000000e2000000, 0x00000000e2000000|100%| O|  |TAMS 0x00000000e2000000, 0x00000000e1f00000| Untracked 
|  32|0x00000000e2000000, 0x00000000e2100000, 0x00000000e2100000|100%|HS|  |TAMS 0x00000000e2100000, 0x00000000e2000000| Complete 
|  33|0x00000000e2100000, 0x00000000e2200000, 0x00000000e2200000|100%| O|  |TAMS 0x00000000e2200000, 0x00000000e2100000| Untracked 
|  34|0x00000000e2200000, 0x00000000e2300000, 0x00000000e2300000|100%| O|  |TAMS 0x00000000e2300000, 0x00000000e2200000| Untracked 
|  35|0x00000000e2300000, 0x00000000e2400000, 0x00000000e2400000|100%|HS|  |TAMS 0x00000000e2400000, 0x00000000e2300000| Complete 
|  36|0x00000000e2400000, 0x00000000e2500000, 0x00000000e2500000|100%|HC|  |TAMS 0x00000000e2500000, 0x00000000e2400000| Complete 
|  37|0x00000000e2500000, 0x00000000e2600000, 0x00000000e2600000|100%|HC|  |TAMS 0x00000000e2600000, 0x00000000e2500000| Complete 
|  38|0x00000000e2600000, 0x00000000e2700000, 0x00000000e2700000|100%|HS|  |TAMS 0x00000000e2700000, 0x00000000e2600000| Complete 
|  39|0x00000000e2700000, 0x00000000e2800000, 0x00000000e2800000|100%|HC|  |TAMS 0x00000000e2800000, 0x00000000e2700000| Complete 
|  40|0x00000000e2800000, 0x00000000e2900000, 0x00000000e2900000|100%|HC|  |TAMS 0x00000000e2900000, 0x00000000e2800000| Complete 
|  41|0x00000000e2900000, 0x00000000e2a00000, 0x00000000e2a00000|100%|HS|  |TAMS 0x00000000e2a00000, 0x00000000e2900000| Complete 
|  42|0x00000000e2a00000, 0x00000000e2b00000, 0x00000000e2b00000|100%|HC|  |TAMS 0x00000000e2b00000, 0x00000000e2a00000| Complete 
|  43|0x00000000e2b00000, 0x00000000e2c00000, 0x00000000e2c00000|100%|HS|  |TAMS 0x00000000e2c00000, 0x00000000e2b00000| Complete 
|  44|0x00000000e2c00000, 0x00000000e2d00000, 0x00000000e2d00000|100%|HC|  |TAMS 0x00000000e2d00000, 0x00000000e2c00000| Complete 
|  45|0x00000000e2d00000, 0x00000000e2e00000, 0x00000000e2e00000|100%|HC|  |TAMS 0x00000000e2e00000, 0x00000000e2d00000| Complete 
|  46|0x00000000e2e00000, 0x00000000e2f00000, 0x00000000e2f00000|100%|HC|  |TAMS 0x00000000e2f00000, 0x00000000e2e00000| Complete 
|  47|0x00000000e2f00000, 0x00000000e3000000, 0x00000000e3000000|100%|HC|  |TAMS 0x00000000e3000000, 0x00000000e2f00000| Complete 
|  48|0x00000000e3000000, 0x00000000e3100000, 0x00000000e3100000|100%|HC|  |TAMS 0x00000000e3100000, 0x00000000e3000000| Complete 
|  49|0x00000000e3100000, 0x00000000e3200000, 0x00000000e3200000|100%|HC|  |TAMS 0x00000000e3200000, 0x00000000e3100000| Complete 
|  50|0x00000000e3200000, 0x00000000e3300000, 0x00000000e3300000|100%|HC|  |TAMS 0x00000000e3300000, 0x00000000e3200000| Complete 
|  51|0x00000000e3300000, 0x00000000e3400000, 0x00000000e3400000|100%|HC|  |TAMS 0x00000000e3400000, 0x00000000e3300000| Complete 
|  52|0x00000000e3400000, 0x00000000e3500000, 0x00000000e3500000|100%|HC|  |TAMS 0x00000000e3500000, 0x00000000e3400000| Complete 
|  53|0x00000000e3500000, 0x00000000e3600000, 0x00000000e3600000|100%|HS|  |TAMS 0x00000000e3600000, 0x00000000e3500000| Complete 
|  54|0x00000000e3600000, 0x00000000e3700000, 0x00000000e3700000|100%|HC|  |TAMS 0x00000000e3700000, 0x00000000e3600000| Complete 
|  55|0x00000000e3700000, 0x00000000e3800000, 0x00000000e3800000|100%| O|  |TAMS 0x00000000e3800000, 0x00000000e3700000| Untracked 
|  56|0x00000000e3800000, 0x00000000e3900000, 0x00000000e3900000|100%| O|  |TAMS 0x00000000e3900000, 0x00000000e3800000| Untracked 
|  57|0x00000000e3900000, 0x00000000e3a00000, 0x00000000e3a00000|100%|HS|  |TAMS 0x00000000e3a00000, 0x00000000e3900000| Complete 
|  58|0x00000000e3a00000, 0x00000000e3b00000, 0x00000000e3b00000|100%|HC|  |TAMS 0x00000000e3b00000, 0x00000000e3a00000| Complete 
|  59|0x00000000e3b00000, 0x00000000e3c00000, 0x00000000e3c00000|100%|HC|  |TAMS 0x00000000e3c00000, 0x00000000e3b00000| Complete 
|  60|0x00000000e3c00000, 0x00000000e3d00000, 0x00000000e3d00000|100%|HC|  |TAMS 0x00000000e3d00000, 0x00000000e3c00000| Complete 
|  61|0x00000000e3d00000, 0x00000000e3e00000, 0x00000000e3e00000|100%|HC|  |TAMS 0x00000000e3e00000, 0x00000000e3d00000| Complete 
|  62|0x00000000e3e00000, 0x00000000e3f00000, 0x00000000e3f00000|100%|HC|  |TAMS 0x00000000e3f00000, 0x00000000e3e00000| Complete 
|  63|0x00000000e3f00000, 0x00000000e4000000, 0x00000000e4000000|100%| O|  |TAMS 0x00000000e4000000, 0x00000000e3f00000| Untracked 
|  64|0x00000000e4000000, 0x00000000e4100000, 0x00000000e4100000|100%| O|  |TAMS 0x00000000e4100000, 0x00000000e4000000| Untracked 
|  65|0x00000000e4100000, 0x00000000e4200000, 0x00000000e4200000|100%| O|  |TAMS 0x00000000e4200000, 0x00000000e4100000| Untracked 
|  66|0x00000000e4200000, 0x00000000e4300000, 0x00000000e4300000|100%| O|  |TAMS 0x00000000e4300000, 0x00000000e4200000| Untracked 
|  67|0x00000000e4300000, 0x00000000e4400000, 0x00000000e4400000|100%| O|  |TAMS 0x00000000e4400000, 0x00000000e4300000| Untracked 
|  68|0x00000000e4400000, 0x00000000e4500000, 0x00000000e4500000|100%| O|  |TAMS 0x00000000e4500000, 0x00000000e4400000| Untracked 
|  69|0x00000000e4500000, 0x00000000e4600000, 0x00000000e4600000|100%| O|  |TAMS 0x00000000e4600000, 0x00000000e4500000| Untracked 
|  70|0x00000000e4600000, 0x00000000e4700000, 0x00000000e4700000|100%| O|  |TAMS 0x00000000e4700000, 0x00000000e4600000| Untracked 
|  71|0x00000000e4700000, 0x00000000e4800000, 0x00000000e4800000|100%| O|  |TAMS 0x00000000e4800000, 0x00000000e4700000| Untracked 
|  72|0x00000000e4800000, 0x00000000e4900000, 0x00000000e4900000|100%| O|  |TAMS 0x00000000e4900000, 0x00000000e4800000| Untracked 
|  73|0x00000000e4900000, 0x00000000e4a00000, 0x00000000e4a00000|100%| O|  |TAMS 0x00000000e4a00000, 0x00000000e4900000| Untracked 
|  74|0x00000000e4a00000, 0x00000000e4b00000, 0x00000000e4b00000|100%| O|  |TAMS 0x00000000e4adc400, 0x00000000e4a00000| Untracked 
|  75|0x00000000e4b00000, 0x00000000e4c00000, 0x00000000e4c00000|100%|HS|  |TAMS 0x00000000e4b00000, 0x00000000e4b00000| Complete 
|  76|0x00000000e4c00000, 0x00000000e4d00000, 0x00000000e4d00000|100%|HC|  |TAMS 0x00000000e4c00000, 0x00000000e4c00000| Complete 
|  77|0x00000000e4d00000, 0x00000000e4e00000, 0x00000000e4e00000|100%|HC|  |TAMS 0x00000000e4d00000, 0x00000000e4d00000| Complete 
|  78|0x00000000e4e00000, 0x00000000e4f00000, 0x00000000e4f00000|100%|HC|  |TAMS 0x00000000e4e00000, 0x00000000e4e00000| Complete 
|  79|0x00000000e4f00000, 0x00000000e5000000, 0x00000000e5000000|100%|HC|  |TAMS 0x00000000e4f00000, 0x00000000e4f00000| Complete 
|  80|0x00000000e5000000, 0x00000000e5100000, 0x00000000e5100000|100%|HC|  |TAMS 0x00000000e5000000, 0x00000000e5000000| Complete 
|  81|0x00000000e5100000, 0x00000000e5200000, 0x00000000e5200000|100%|HC|  |TAMS 0x00000000e5100000, 0x00000000e5100000| Complete 
|  82|0x00000000e5200000, 0x00000000e5300000, 0x00000000e5300000|100%|HC|  |TAMS 0x00000000e5200000, 0x00000000e5200000| Complete 
|  83|0x00000000e5300000, 0x00000000e5400000, 0x00000000e5400000|100%|HC|  |TAMS 0x00000000e5300000, 0x00000000e5300000| Complete 
|  84|0x00000000e5400000, 0x00000000e5500000, 0x00000000e5500000|100%|HC|  |TAMS 0x00000000e5400000, 0x00000000e5400000| Complete 
|  85|0x00000000e5500000, 0x00000000e5600000, 0x00000000e5600000|100%|HS|  |TAMS 0x00000000e5500000, 0x00000000e5500000| Complete 
|  86|0x00000000e5600000, 0x00000000e5700000, 0x00000000e5700000|100%|HC|  |TAMS 0x00000000e5600000, 0x00000000e5600000| Complete 
|  87|0x00000000e5700000, 0x00000000e5800000, 0x00000000e5800000|100%|HS|  |TAMS 0x00000000e5700000, 0x00000000e5700000| Complete 
|  88|0x00000000e5800000, 0x00000000e5900000, 0x00000000e5900000|100%|HC|  |TAMS 0x00000000e5800000, 0x00000000e5800000| Complete 
|  89|0x00000000e5900000, 0x00000000e5a00000, 0x00000000e5a00000|100%|HS|  |TAMS 0x00000000e5900000, 0x00000000e5900000| Complete 
|  90|0x00000000e5a00000, 0x00000000e5b00000, 0x00000000e5b00000|100%|HC|  |TAMS 0x00000000e5a00000, 0x00000000e5a00000| Complete 
|  91|0x00000000e5b00000, 0x00000000e5c00000, 0x00000000e5c00000|100%|HC|  |TAMS 0x00000000e5b00000, 0x00000000e5b00000| Complete 
|  92|0x00000000e5c00000, 0x00000000e5d00000, 0x00000000e5d00000|100%|HS|  |TAMS 0x00000000e5c00000, 0x00000000e5c00000| Complete 
|  93|0x00000000e5d00000, 0x00000000e5e00000, 0x00000000e5e00000|100%|HC|  |TAMS 0x00000000e5d00000, 0x00000000e5d00000| Complete 
|  94|0x00000000e5e00000, 0x00000000e5f00000, 0x00000000e5f00000|100%|HC|  |TAMS 0x00000000e5e00000, 0x00000000e5e00000| Complete 
|  95|0x00000000e5f00000, 0x00000000e6000000, 0x00000000e6000000|100%|HS|  |TAMS 0x00000000e5f00000, 0x00000000e5f00000| Complete 
|  96|0x00000000e6000000, 0x00000000e6100000, 0x00000000e6100000|100%|HC|  |TAMS 0x00000000e6000000, 0x00000000e6000000| Complete 
|  97|0x00000000e6100000, 0x00000000e6200000, 0x00000000e6200000|100%|HS|  |TAMS 0x00000000e6100000, 0x00000000e6100000| Complete 
|  98|0x00000000e6200000, 0x00000000e6300000, 0x00000000e6300000|100%|HC|  |TAMS 0x00000000e6200000, 0x00000000e6200000| Complete 
|  99|0x00000000e6300000, 0x00000000e6400000, 0x00000000e6400000|100%|HC|  |TAMS 0x00000000e6300000, 0x00000000e6300000| Complete 
| 100|0x00000000e6400000, 0x00000000e6500000, 0x00000000e6500000|100%|HC|  |TAMS 0x00000000e6400000, 0x00000000e6400000| Complete 
| 101|0x00000000e6500000, 0x00000000e6600000, 0x00000000e6600000|100%|HC|  |TAMS 0x00000000e6500000, 0x00000000e6500000| Complete 
| 102|0x00000000e6600000, 0x00000000e6700000, 0x00000000e6700000|100%|HS|  |TAMS 0x00000000e6600000, 0x00000000e6600000| Complete 
| 103|0x00000000e6700000, 0x00000000e6800000, 0x00000000e6800000|100%|HC|  |TAMS 0x00000000e6700000, 0x00000000e6700000| Complete 
| 104|0x00000000e6800000, 0x00000000e6900000, 0x00000000e6900000|100%|HC|  |TAMS 0x00000000e6800000, 0x00000000e6800000| Complete 
| 105|0x00000000e6900000, 0x00000000e6a00000, 0x00000000e6a00000|100%|HC|  |TAMS 0x00000000e6900000, 0x00000000e6900000| Complete 
| 106|0x00000000e6a00000, 0x00000000e6b00000, 0x00000000e6b00000|100%|HC|  |TAMS 0x00000000e6a00000, 0x00000000e6a00000| Complete 
| 107|0x00000000e6b00000, 0x00000000e6c00000, 0x00000000e6c00000|100%|HC|  |TAMS 0x00000000e6b00000, 0x00000000e6b00000| Complete 
| 108|0x00000000e6c00000, 0x00000000e6d00000, 0x00000000e6d00000|100%|HC|  |TAMS 0x00000000e6c00000, 0x00000000e6c00000| Complete 
| 109|0x00000000e6d00000, 0x00000000e6e00000, 0x00000000e6e00000|100%|HC|  |TAMS 0x00000000e6d00000, 0x00000000e6d00000| Complete 
| 110|0x00000000e6e00000, 0x00000000e6f00000, 0x00000000e6f00000|100%|HC|  |TAMS 0x00000000e6e00000, 0x00000000e6e00000| Complete 
| 111|0x00000000e6f00000, 0x00000000e7000000, 0x00000000e7000000|100%|HC|  |TAMS 0x00000000e6f00000, 0x00000000e6f00000| Complete 
| 112|0x00000000e7000000, 0x00000000e7100000, 0x00000000e7100000|100%|HS|  |TAMS 0x00000000e7000000, 0x00000000e7000000| Complete 
| 113|0x00000000e7100000, 0x00000000e7200000, 0x00000000e7200000|100%|HC|  |TAMS 0x00000000e7100000, 0x00000000e7100000| Complete 
| 114|0x00000000e7200000, 0x00000000e7300000, 0x00000000e7300000|100%| O|  |TAMS 0x00000000e7200000, 0x00000000e7200000| Untracked 
| 115|0x00000000e7300000, 0x00000000e73b4400, 0x00000000e7400000| 70%| O|  |TAMS 0x00000000e7300000, 0x00000000e7300000| Untracked 
| 116|0x00000000e7400000, 0x00000000e7400000, 0x00000000e7500000|  0%| F|  |TAMS 0x00000000e7400000, 0x00000000e7400000| Untracked 
| 117|0x00000000e7500000, 0x00000000e7500000, 0x00000000e7600000|  0%| F|  |TAMS 0x00000000e7500000, 0x00000000e7500000| Untracked 
| 118|0x00000000e7600000, 0x00000000e7600000, 0x00000000e7700000|  0%| F|  |TAMS 0x00000000e7600000, 0x00000000e7600000| Untracked 
| 119|0x00000000e7700000, 0x00000000e7800000, 0x00000000e7800000|100%| S|CS|TAMS 0x00000000e7700000, 0x00000000e7700000| Complete 
| 120|0x00000000e7800000, 0x00000000e7900000, 0x00000000e7900000|100%| S|CS|TAMS 0x00000000e7800000, 0x00000000e7800000| Complete 
| 121|0x00000000e7900000, 0x00000000e7a00000, 0x00000000e7a00000|100%| S|CS|TAMS 0x00000000e7900000, 0x00000000e7900000| Complete 
| 122|0x00000000e7a00000, 0x00000000e7b00000, 0x00000000e7b00000|100%| S|CS|TAMS 0x00000000e7a00000, 0x00000000e7a00000| Complete 
| 123|0x00000000e7b00000, 0x00000000e7c00000, 0x00000000e7c00000|100%| S|CS|TAMS 0x00000000e7b00000, 0x00000000e7b00000| Complete 
| 124|0x00000000e7c00000, 0x00000000e7d00000, 0x00000000e7d00000|100%| S|CS|TAMS 0x00000000e7c00000, 0x00000000e7c00000| Complete 
| 125|0x00000000e7d00000, 0x00000000e7e00000, 0x00000000e7e00000|100%| S|CS|TAMS 0x00000000e7d00000, 0x00000000e7d00000| Complete 
| 126|0x00000000e7e00000, 0x00000000e7f00000, 0x00000000e7f00000|100%| S|CS|TAMS 0x00000000e7e00000, 0x00000000e7e00000| Complete 
| 127|0x00000000e7f00000, 0x00000000e8000000, 0x00000000e8000000|100%| S|CS|TAMS 0x00000000e7f00000, 0x00000000e7f00000| Complete 
| 128|0x00000000e8000000, 0x00000000e8100000, 0x00000000e8100000|100%| S|CS|TAMS 0x00000000e8000000, 0x00000000e8000000| Complete 
| 129|0x00000000e8100000, 0x00000000e8200000, 0x00000000e8200000|100%| S|CS|TAMS 0x00000000e8100000, 0x00000000e8100000| Complete 
| 130|0x00000000e8200000, 0x00000000e8300000, 0x00000000e8300000|100%| S|CS|TAMS 0x00000000e8200000, 0x00000000e8200000| Complete 
| 131|0x00000000e8300000, 0x00000000e8400000, 0x00000000e8400000|100%| S|CS|TAMS 0x00000000e8300000, 0x00000000e8300000| Complete 
| 132|0x00000000e8400000, 0x00000000e8500000, 0x00000000e8500000|100%| S|CS|TAMS 0x00000000e8400000, 0x00000000e8400000| Complete 
| 133|0x00000000e8500000, 0x00000000e8600000, 0x00000000e8600000|100%| S|CS|TAMS 0x00000000e8500000, 0x00000000e8500000| Complete 
| 134|0x00000000e8600000, 0x00000000e8700000, 0x00000000e8700000|100%| S|CS|TAMS 0x00000000e8600000, 0x00000000e8600000| Complete 
| 135|0x00000000e8700000, 0x00000000e8700000, 0x00000000e8800000|  0%| F|  |TAMS 0x00000000e8700000, 0x00000000e8700000| Untracked 
| 136|0x00000000e8800000, 0x00000000e8800000, 0x00000000e8900000|  0%| F|  |TAMS 0x00000000e8800000, 0x00000000e8800000| Untracked 
| 137|0x00000000e8900000, 0x00000000e8900000, 0x00000000e8a00000|  0%| F|  |TAMS 0x00000000e8900000, 0x00000000e8900000| Untracked 
| 138|0x00000000e8a00000, 0x00000000e8a00000, 0x00000000e8b00000|  0%| F|  |TAMS 0x00000000e8a00000, 0x00000000e8a00000| Untracked 
| 139|0x00000000e8b00000, 0x00000000e8b00000, 0x00000000e8c00000|  0%| F|  |TAMS 0x00000000e8b00000, 0x00000000e8b00000| Untracked 
| 140|0x00000000e8c00000, 0x00000000e8c00000, 0x00000000e8d00000|  0%| F|  |TAMS 0x00000000e8c00000, 0x00000000e8c00000| Untracked 
| 141|0x00000000e8d00000, 0x00000000e8d00000, 0x00000000e8e00000|  0%| F|  |TAMS 0x00000000e8d00000, 0x00000000e8d00000| Untracked 
| 142|0x00000000e8e00000, 0x00000000e8e00000, 0x00000000e8f00000|  0%| F|  |TAMS 0x00000000e8e00000, 0x00000000e8e00000| Untracked 
| 143|0x00000000e8f00000, 0x00000000e8f00000, 0x00000000e9000000|  0%| F|  |TAMS 0x00000000e8f00000, 0x00000000e8f00000| Untracked 
| 144|0x00000000e9000000, 0x00000000e9000000, 0x00000000e9100000|  0%| F|  |TAMS 0x00000000e9000000, 0x00000000e9000000| Untracked 
| 145|0x00000000e9100000, 0x00000000e9100000, 0x00000000e9200000|  0%| F|  |TAMS 0x00000000e9100000, 0x00000000e9100000| Untracked 
| 146|0x00000000e9200000, 0x00000000e9200000, 0x00000000e9300000|  0%| F|  |TAMS 0x00000000e9200000, 0x00000000e9200000| Untracked 
| 147|0x00000000e9300000, 0x00000000e9300000, 0x00000000e9400000|  0%| F|  |TAMS 0x00000000e9300000, 0x00000000e9300000| Untracked 
| 148|0x00000000e9400000, 0x00000000e9400000, 0x00000000e9500000|  0%| F|  |TAMS 0x00000000e9400000, 0x00000000e9400000| Untracked 
| 149|0x00000000e9500000, 0x00000000e9500000, 0x00000000e9600000|  0%| F|  |TAMS 0x00000000e9500000, 0x00000000e9500000| Untracked 
| 150|0x00000000e9600000, 0x00000000e9600000, 0x00000000e9700000|  0%| F|  |TAMS 0x00000000e9600000, 0x00000000e9600000| Untracked 
| 151|0x00000000e9700000, 0x00000000e9700000, 0x00000000e9800000|  0%| F|  |TAMS 0x00000000e9700000, 0x00000000e9700000| Untracked 
| 152|0x00000000e9800000, 0x00000000e9800000, 0x00000000e9900000|  0%| F|  |TAMS 0x00000000e9800000, 0x00000000e9800000| Untracked 
| 153|0x00000000e9900000, 0x00000000e9900000, 0x00000000e9a00000|  0%| F|  |TAMS 0x00000000e9900000, 0x00000000e9900000| Untracked 
| 154|0x00000000e9a00000, 0x00000000e9a00000, 0x00000000e9b00000|  0%| F|  |TAMS 0x00000000e9a00000, 0x00000000e9a00000| Untracked 
| 155|0x00000000e9b00000, 0x00000000e9b00000, 0x00000000e9c00000|  0%| F|  |TAMS 0x00000000e9b00000, 0x00000000e9b00000| Untracked 
| 156|0x00000000e9c00000, 0x00000000e9c00000, 0x00000000e9d00000|  0%| F|  |TAMS 0x00000000e9c00000, 0x00000000e9c00000| Untracked 
| 157|0x00000000e9d00000, 0x00000000e9d00000, 0x00000000e9e00000|  0%| F|  |TAMS 0x00000000e9d00000, 0x00000000e9d00000| Untracked 
| 158|0x00000000e9e00000, 0x00000000e9e00000, 0x00000000e9f00000|  0%| F|  |TAMS 0x00000000e9e00000, 0x00000000e9e00000| Untracked 
| 159|0x00000000e9f00000, 0x00000000e9f00000, 0x00000000ea000000|  0%| F|  |TAMS 0x00000000e9f00000, 0x00000000e9f00000| Untracked 
| 160|0x00000000ea000000, 0x00000000ea000000, 0x00000000ea100000|  0%| F|  |TAMS 0x00000000ea000000, 0x00000000ea000000| Untracked 
| 161|0x00000000ea100000, 0x00000000ea100000, 0x00000000ea200000|  0%| F|  |TAMS 0x00000000ea100000, 0x00000000ea100000| Untracked 
| 162|0x00000000ea200000, 0x00000000ea200000, 0x00000000ea300000|  0%| F|  |TAMS 0x00000000ea200000, 0x00000000ea200000| Untracked 
| 163|0x00000000ea300000, 0x00000000ea300000, 0x00000000ea400000|  0%| F|  |TAMS 0x00000000ea300000, 0x00000000ea300000| Untracked 
| 164|0x00000000ea400000, 0x00000000ea400000, 0x00000000ea500000|  0%| F|  |TAMS 0x00000000ea400000, 0x00000000ea400000| Untracked 
| 165|0x00000000ea500000, 0x00000000ea500000, 0x00000000ea600000|  0%| F|  |TAMS 0x00000000ea500000, 0x00000000ea500000| Untracked 
| 166|0x00000000ea600000, 0x00000000ea600000, 0x00000000ea700000|  0%| F|  |TAMS 0x00000000ea600000, 0x00000000ea600000| Untracked 
| 167|0x00000000ea700000, 0x00000000ea700000, 0x00000000ea800000|  0%| F|  |TAMS 0x00000000ea700000, 0x00000000ea700000| Untracked 
| 168|0x00000000ea800000, 0x00000000ea800000, 0x00000000ea900000|  0%| F|  |TAMS 0x00000000ea800000, 0x00000000ea800000| Untracked 
| 169|0x00000000ea900000, 0x00000000ea900000, 0x00000000eaa00000|  0%| F|  |TAMS 0x00000000ea900000, 0x00000000ea900000| Untracked 
| 170|0x00000000eaa00000, 0x00000000eaa00000, 0x00000000eab00000|  0%| F|  |TAMS 0x00000000eaa00000, 0x00000000eaa00000| Untracked 
| 171|0x00000000eab00000, 0x00000000eab00000, 0x00000000eac00000|  0%| F|  |TAMS 0x00000000eab00000, 0x00000000eab00000| Untracked 
| 172|0x00000000eac00000, 0x00000000eac00000, 0x00000000ead00000|  0%| F|  |TAMS 0x00000000eac00000, 0x00000000eac00000| Untracked 
| 173|0x00000000ead00000, 0x00000000ead00000, 0x00000000eae00000|  0%| F|  |TAMS 0x00000000ead00000, 0x00000000ead00000| Untracked 
| 174|0x00000000eae00000, 0x00000000eae00000, 0x00000000eaf00000|  0%| F|  |TAMS 0x00000000eae00000, 0x00000000eae00000| Untracked 
| 175|0x00000000eaf00000, 0x00000000eaf00000, 0x00000000eb000000|  0%| F|  |TAMS 0x00000000eaf00000, 0x00000000eaf00000| Untracked 
| 176|0x00000000eb000000, 0x00000000eb000000, 0x00000000eb100000|  0%| F|  |TAMS 0x00000000eb000000, 0x00000000eb000000| Untracked 
| 177|0x00000000eb100000, 0x00000000eb100000, 0x00000000eb200000|  0%| F|  |TAMS 0x00000000eb100000, 0x00000000eb100000| Untracked 
| 178|0x00000000eb200000, 0x00000000eb200000, 0x00000000eb300000|  0%| F|  |TAMS 0x00000000eb200000, 0x00000000eb200000| Untracked 
| 179|0x00000000eb300000, 0x00000000eb300000, 0x00000000eb400000|  0%| F|  |TAMS 0x00000000eb300000, 0x00000000eb300000| Untracked 
| 180|0x00000000eb400000, 0x00000000eb400000, 0x00000000eb500000|  0%| F|  |TAMS 0x00000000eb400000, 0x00000000eb400000| Untracked 
| 181|0x00000000eb500000, 0x00000000eb500000, 0x00000000eb600000|  0%| F|  |TAMS 0x00000000eb500000, 0x00000000eb500000| Untracked 
| 182|0x00000000eb600000, 0x00000000eb600000, 0x00000000eb700000|  0%| F|  |TAMS 0x00000000eb600000, 0x00000000eb600000| Untracked 
| 183|0x00000000eb700000, 0x00000000eb700000, 0x00000000eb800000|  0%| F|  |TAMS 0x00000000eb700000, 0x00000000eb700000| Untracked 
| 184|0x00000000eb800000, 0x00000000eb800000, 0x00000000eb900000|  0%| F|  |TAMS 0x00000000eb800000, 0x00000000eb800000| Untracked 
| 185|0x00000000eb900000, 0x00000000eb900000, 0x00000000eba00000|  0%| F|  |TAMS 0x00000000eb900000, 0x00000000eb900000| Untracked 
| 186|0x00000000eba00000, 0x00000000eba00000, 0x00000000ebb00000|  0%| F|  |TAMS 0x00000000eba00000, 0x00000000eba00000| Untracked 
| 187|0x00000000ebb00000, 0x00000000ebb00000, 0x00000000ebc00000|  0%| F|  |TAMS 0x00000000ebb00000, 0x00000000ebb00000| Untracked 
| 188|0x00000000ebc00000, 0x00000000ebc00000, 0x00000000ebd00000|  0%| F|  |TAMS 0x00000000ebc00000, 0x00000000ebc00000| Untracked 
| 189|0x00000000ebd00000, 0x00000000ebd00000, 0x00000000ebe00000|  0%| F|  |TAMS 0x00000000ebd00000, 0x00000000ebd00000| Untracked 
| 190|0x00000000ebe00000, 0x00000000ebe00000, 0x00000000ebf00000|  0%| F|  |TAMS 0x00000000ebe00000, 0x00000000ebe00000| Untracked 
| 191|0x00000000ebf00000, 0x00000000ebf00000, 0x00000000ec000000|  0%| F|  |TAMS 0x00000000ebf00000, 0x00000000ebf00000| Untracked 
| 192|0x00000000ec000000, 0x00000000ec000000, 0x00000000ec100000|  0%| F|  |TAMS 0x00000000ec000000, 0x00000000ec000000| Untracked 
| 193|0x00000000ec100000, 0x00000000ec100000, 0x00000000ec200000|  0%| F|  |TAMS 0x00000000ec100000, 0x00000000ec100000| Untracked 
| 194|0x00000000ec200000, 0x00000000ec200000, 0x00000000ec300000|  0%| F|  |TAMS 0x00000000ec200000, 0x00000000ec200000| Untracked 
| 195|0x00000000ec300000, 0x00000000ec300000, 0x00000000ec400000|  0%| F|  |TAMS 0x00000000ec300000, 0x00000000ec300000| Untracked 
| 196|0x00000000ec400000, 0x00000000ec400000, 0x00000000ec500000|  0%| F|  |TAMS 0x00000000ec400000, 0x00000000ec400000| Untracked 
| 197|0x00000000ec500000, 0x00000000ec500000, 0x00000000ec600000|  0%| F|  |TAMS 0x00000000ec500000, 0x00000000ec500000| Untracked 
| 198|0x00000000ec600000, 0x00000000ec600000, 0x00000000ec700000|  0%| F|  |TAMS 0x00000000ec600000, 0x00000000ec600000| Untracked 
| 199|0x00000000ec700000, 0x00000000ec700000, 0x00000000ec800000|  0%| F|  |TAMS 0x00000000ec700000, 0x00000000ec700000| Untracked 
| 200|0x00000000ec800000, 0x00000000ec800000, 0x00000000ec900000|  0%| F|  |TAMS 0x00000000ec800000, 0x00000000ec800000| Untracked 
| 201|0x00000000ec900000, 0x00000000ec900000, 0x00000000eca00000|  0%| F|  |TAMS 0x00000000ec900000, 0x00000000ec900000| Untracked 
| 202|0x00000000eca00000, 0x00000000eca00000, 0x00000000ecb00000|  0%| F|  |TAMS 0x00000000eca00000, 0x00000000eca00000| Untracked 
| 203|0x00000000ecb00000, 0x00000000ecb00000, 0x00000000ecc00000|  0%| F|  |TAMS 0x00000000ecb00000, 0x00000000ecb00000| Untracked 
| 204|0x00000000ecc00000, 0x00000000ecc00000, 0x00000000ecd00000|  0%| F|  |TAMS 0x00000000ecc00000, 0x00000000ecc00000| Untracked 
| 205|0x00000000ecd00000, 0x00000000ecd00000, 0x00000000ece00000|  0%| F|  |TAMS 0x00000000ecd00000, 0x00000000ecd00000| Untracked 
| 206|0x00000000ece00000, 0x00000000ece00000, 0x00000000ecf00000|  0%| F|  |TAMS 0x00000000ece00000, 0x00000000ece00000| Untracked 
| 207|0x00000000ecf00000, 0x00000000ecf00000, 0x00000000ed000000|  0%| F|  |TAMS 0x00000000ecf00000, 0x00000000ecf00000| Untracked 
| 208|0x00000000ed000000, 0x00000000ed000000, 0x00000000ed100000|  0%| F|  |TAMS 0x00000000ed000000, 0x00000000ed000000| Untracked 
| 209|0x00000000ed100000, 0x00000000ed100000, 0x00000000ed200000|  0%| F|  |TAMS 0x00000000ed100000, 0x00000000ed100000| Untracked 
| 210|0x00000000ed200000, 0x00000000ed200000, 0x00000000ed300000|  0%| F|  |TAMS 0x00000000ed200000, 0x00000000ed200000| Untracked 
| 211|0x00000000ed300000, 0x00000000ed300000, 0x00000000ed400000|  0%| F|  |TAMS 0x00000000ed300000, 0x00000000ed300000| Untracked 
| 212|0x00000000ed400000, 0x00000000ed400000, 0x00000000ed500000|  0%| F|  |TAMS 0x00000000ed400000, 0x00000000ed400000| Untracked 
| 213|0x00000000ed500000, 0x00000000ed58ffb8, 0x00000000ed600000| 56%| E|  |TAMS 0x00000000ed500000, 0x00000000ed500000| Complete 
| 214|0x00000000ed600000, 0x00000000ed700000, 0x00000000ed700000|100%| E|CS|TAMS 0x00000000ed600000, 0x00000000ed600000| Complete 
| 215|0x00000000ed700000, 0x00000000ed800000, 0x00000000ed800000|100%| E|CS|TAMS 0x00000000ed700000, 0x00000000ed700000| Complete 
| 216|0x00000000ed800000, 0x00000000ed900000, 0x00000000ed900000|100%| E|CS|TAMS 0x00000000ed800000, 0x00000000ed800000| Complete 
| 217|0x00000000ed900000, 0x00000000eda00000, 0x00000000eda00000|100%| E|CS|TAMS 0x00000000ed900000, 0x00000000ed900000| Complete 
| 218|0x00000000eda00000, 0x00000000edb00000, 0x00000000edb00000|100%| E|CS|TAMS 0x00000000eda00000, 0x00000000eda00000| Complete 
| 219|0x00000000edb00000, 0x00000000edc00000, 0x00000000edc00000|100%| E|CS|TAMS 0x00000000edb00000, 0x00000000edb00000| Complete 
| 220|0x00000000edc00000, 0x00000000edd00000, 0x00000000edd00000|100%| E|CS|TAMS 0x00000000edc00000, 0x00000000edc00000| Complete 
| 221|0x00000000edd00000, 0x00000000ede00000, 0x00000000ede00000|100%| E|CS|TAMS 0x00000000edd00000, 0x00000000edd00000| Complete 
| 222|0x00000000ede00000, 0x00000000edf00000, 0x00000000edf00000|100%| E|CS|TAMS 0x00000000ede00000, 0x00000000ede00000| Complete 
| 223|0x00000000edf00000, 0x00000000ee000000, 0x00000000ee000000|100%| E|CS|TAMS 0x00000000edf00000, 0x00000000edf00000| Complete 
| 224|0x00000000ee000000, 0x00000000ee100000, 0x00000000ee100000|100%| E|CS|TAMS 0x00000000ee000000, 0x00000000ee000000| Complete 
| 225|0x00000000ee100000, 0x00000000ee200000, 0x00000000ee200000|100%| E|CS|TAMS 0x00000000ee100000, 0x00000000ee100000| Complete 
| 226|0x00000000ee200000, 0x00000000ee300000, 0x00000000ee300000|100%| E|CS|TAMS 0x00000000ee200000, 0x00000000ee200000| Complete 
| 227|0x00000000ee300000, 0x00000000ee400000, 0x00000000ee400000|100%| E|CS|TAMS 0x00000000ee300000, 0x00000000ee300000| Complete 
| 228|0x00000000ee400000, 0x00000000ee500000, 0x00000000ee500000|100%| E|CS|TAMS 0x00000000ee400000, 0x00000000ee400000| Complete 
| 229|0x00000000ee500000, 0x00000000ee600000, 0x00000000ee600000|100%| E|CS|TAMS 0x00000000ee500000, 0x00000000ee500000| Complete 
| 230|0x00000000ee600000, 0x00000000ee700000, 0x00000000ee700000|100%| E|CS|TAMS 0x00000000ee600000, 0x00000000ee600000| Complete 
| 231|0x00000000ee700000, 0x00000000ee800000, 0x00000000ee800000|100%| E|CS|TAMS 0x00000000ee700000, 0x00000000ee700000| Complete 
| 232|0x00000000ee800000, 0x00000000ee900000, 0x00000000ee900000|100%| E|CS|TAMS 0x00000000ee800000, 0x00000000ee800000| Complete 
| 233|0x00000000ee900000, 0x00000000eea00000, 0x00000000eea00000|100%| E|CS|TAMS 0x00000000ee900000, 0x00000000ee900000| Complete 
| 234|0x00000000eea00000, 0x00000000eeb00000, 0x00000000eeb00000|100%| E|CS|TAMS 0x00000000eea00000, 0x00000000eea00000| Complete 
| 235|0x00000000eeb00000, 0x00000000eec00000, 0x00000000eec00000|100%| E|CS|TAMS 0x00000000eeb00000, 0x00000000eeb00000| Complete 
| 236|0x00000000eec00000, 0x00000000eed00000, 0x00000000eed00000|100%| E|CS|TAMS 0x00000000eec00000, 0x00000000eec00000| Complete 
| 237|0x00000000eed00000, 0x00000000eee00000, 0x00000000eee00000|100%| E|CS|TAMS 0x00000000eed00000, 0x00000000eed00000| Complete 
| 238|0x00000000eee00000, 0x00000000eef00000, 0x00000000eef00000|100%| E|CS|TAMS 0x00000000eee00000, 0x00000000eee00000| Complete 
| 239|0x00000000eef00000, 0x00000000ef000000, 0x00000000ef000000|100%| E|CS|TAMS 0x00000000eef00000, 0x00000000eef00000| Complete 
| 240|0x00000000ef000000, 0x00000000ef100000, 0x00000000ef100000|100%| E|CS|TAMS 0x00000000ef000000, 0x00000000ef000000| Complete 
| 241|0x00000000ef100000, 0x00000000ef200000, 0x00000000ef200000|100%| E|CS|TAMS 0x00000000ef100000, 0x00000000ef100000| Complete 
| 242|0x00000000ef200000, 0x00000000ef300000, 0x00000000ef300000|100%| E|CS|TAMS 0x00000000ef200000, 0x00000000ef200000| Complete 
| 243|0x00000000ef300000, 0x00000000ef400000, 0x00000000ef400000|100%| E|CS|TAMS 0x00000000ef300000, 0x00000000ef300000| Complete 
| 244|0x00000000ef400000, 0x00000000ef500000, 0x00000000ef500000|100%| E|CS|TAMS 0x00000000ef400000, 0x00000000ef400000| Complete 
| 245|0x00000000ef500000, 0x00000000ef600000, 0x00000000ef600000|100%| E|CS|TAMS 0x00000000ef500000, 0x00000000ef500000| Complete 
| 246|0x00000000ef600000, 0x00000000ef700000, 0x00000000ef700000|100%| E|CS|TAMS 0x00000000ef600000, 0x00000000ef600000| Complete 
| 247|0x00000000ef700000, 0x00000000ef800000, 0x00000000ef800000|100%| E|CS|TAMS 0x00000000ef700000, 0x00000000ef700000| Complete 
| 248|0x00000000ef800000, 0x00000000ef900000, 0x00000000ef900000|100%| E|CS|TAMS 0x00000000ef800000, 0x00000000ef800000| Complete 
| 249|0x00000000ef900000, 0x00000000efa00000, 0x00000000efa00000|100%| E|CS|TAMS 0x00000000ef900000, 0x00000000ef900000| Complete 
| 250|0x00000000efa00000, 0x00000000efb00000, 0x00000000efb00000|100%| E|CS|TAMS 0x00000000efa00000, 0x00000000efa00000| Complete 
| 251|0x00000000efb00000, 0x00000000efc00000, 0x00000000efc00000|100%| E|CS|TAMS 0x00000000efb00000, 0x00000000efb00000| Complete 
| 252|0x00000000efc00000, 0x00000000efd00000, 0x00000000efd00000|100%| E|CS|TAMS 0x00000000efc00000, 0x00000000efc00000| Complete 
| 253|0x00000000efd00000, 0x00000000efe00000, 0x00000000efe00000|100%| E|CS|TAMS 0x00000000efd00000, 0x00000000efd00000| Complete 
| 254|0x00000000efe00000, 0x00000000eff00000, 0x00000000eff00000|100%| E|CS|TAMS 0x00000000efe00000, 0x00000000efe00000| Complete 
| 255|0x00000000eff00000, 0x00000000f0000000, 0x00000000f0000000|100%| E|CS|TAMS 0x00000000eff00000, 0x00000000eff00000| Complete 

Card table byte_map: [0x0000029bea2e0000,0x0000029bea3e0000] _byte_map_base: 0x0000029be9be0000

Marking Bits (Prev, Next): (CMBitMap*) 0x0000029bd2757310, (CMBitMap*) 0x0000029bd27572d8
 Prev Bits: [0x0000029beace0000, 0x0000029beb4e0000)
 Next Bits: [0x0000029bea4e0000, 0x0000029beace0000)

Polling page: 0x0000029bd1f10000

Metaspace:

Usage:
  Non-class:     63.15 MB capacity,    61.76 MB ( 98%) used,     1.19 MB (  2%) free+waste,   211.19 KB ( <1%) overhead. 
      Class:      9.88 MB capacity,     9.19 MB ( 93%) used,   601.84 KB (  6%) free+waste,   101.63 KB (  1%) overhead. 
       Both:     73.04 MB capacity,    70.96 MB ( 97%) used,     1.77 MB (  2%) free+waste,   312.81 KB ( <1%) overhead. 

Virtual space:
  Non-class space:       64.00 MB reserved,      63.16 MB ( 99%) committed 
      Class space:      248.00 MB reserved,      10.00 MB (  4%) committed 
             Both:      312.00 MB reserved,      73.16 MB ( 23%) committed 

Chunk freelists:
   Non-Class:  11.00 KB
       Class:  25.00 KB
        Both:  36.00 KB

MaxMetaspaceSize: 256.00 MB
CompressedClassSpaceSize: 248.00 MB
Initial GC threshold: 20.80 MB
Current GC threshold: 97.77 MB
CDS: off

CodeHeap 'non-profiled nmethods': size=120000Kb used=4142Kb max_used=4142Kb free=115857Kb
 bounds [0x0000029be2980000, 0x0000029be2d90000, 0x0000029be9eb0000]
CodeHeap 'profiled nmethods': size=120000Kb used=13657Kb max_used=13657Kb free=106342Kb
 bounds [0x0000029bdb450000, 0x0000029bdc1b0000, 0x0000029be2980000]
CodeHeap 'non-nmethods': size=5760Kb used=2380Kb max_used=2427Kb free=3380Kb
 bounds [0x0000029bdaeb0000, 0x0000029bdb120000, 0x0000029bdb450000]
 total_blobs=7240 nmethods=6349 adapters=803
 compilation: enabled
              stopped_count=0, restarted_count=0
 full_count=0

Compilation events (20 events):
Event: 8.285 Thread 0x0000029bf1d26000 nmethod 6323 0x0000029be2d87310 code [0x0000029be2d874c0, 0x0000029be2d87818]
Event: 8.288 Thread 0x0000029bee8c0800 6338       4       java.net.URI::match (56 bytes)
Event: 8.289 Thread 0x0000029bee8c0800 nmethod 6338 0x0000029be2d87b10 code [0x0000029be2d87ca0, 0x0000029be2d87d58]
Event: 8.293 Thread 0x0000029bee8c5800 nmethod 6330 0x0000029bdc17b990 code [0x0000029bdc17c360, 0x0000029bdc182938]
Event: 8.293 Thread 0x0000029bee8c5800 6337       3       com.sun.org.apache.xerces.internal.dom.ParentNode::nodeListGetLength (141 bytes)
Event: 8.293 Thread 0x0000029bee8c5800 nmethod 6337 0x0000029bdc186d10 code [0x0000029bdc186f20, 0x0000029bdc187618]
Event: 8.293 Thread 0x0000029bee8c5800 6335       3       com.sun.org.apache.xerces.internal.dom.NodeImpl::isReadOnly (26 bytes)
Event: 8.293 Thread 0x0000029bee8c5800 nmethod 6335 0x0000029bdc187810 code [0x0000029bdc1879c0, 0x0000029bdc187b18]
Event: 8.293 Thread 0x0000029bee8c5800 6331       3       com.sun.org.apache.xerces.internal.dom.DeferredDocumentImpl::appendChild (81 bytes)
Event: 8.293 Thread 0x0000029bee8c5800 nmethod 6331 0x0000029bdc187b90 code [0x0000029bdc187d80, 0x0000029bdc1880a8]
Event: 8.293 Thread 0x0000029bee8c5800 6333       1       com.sun.org.apache.xerces.internal.dom.EntityImpl::getNodeType (3 bytes)
Event: 8.293 Thread 0x0000029bee8c5800 nmethod 6333 0x0000029be2d87e10 code [0x0000029be2d87fc0, 0x0000029be2d88078]
Event: 8.293 Thread 0x0000029bee8c5800 6334       1       com.sun.org.apache.xerces.internal.dom.ParentNode::getOwnerDocument (5 bytes)
Event: 8.293 Thread 0x0000029bee8c5800 nmethod 6334 0x0000029be2d88110 code [0x0000029be2d882c0, 0x0000029be2d88378]
Event: 8.293 Thread 0x0000029bee8c5800 6320       1       com.sun.org.apache.xerces.internal.utils.XMLLimitAnalyzer::startEntity (6 bytes)
Event: 8.294 Thread 0x0000029bee8c5800 nmethod 6320 0x0000029be2d88410 code [0x0000029be2d885c0, 0x0000029be2d886b8]
Event: 8.294 Thread 0x0000029bee8c5800 6336       1       com.sun.org.apache.xerces.internal.dom.DocumentImpl::getMutationEvents (5 bytes)
Event: 8.294 Thread 0x0000029bee8c5800 nmethod 6336 0x0000029be2d88710 code [0x0000029be2d888c0, 0x0000029be2d88978]
Event: 8.294 Thread 0x0000029bee8c5800 6332       1       com.sun.org.apache.xerces.internal.util.XMLAttributesImpl::getLength (5 bytes)
Event: 8.294 Thread 0x0000029bee8c5800 nmethod 6332 0x0000029be2d88a10 code [0x0000029be2d88bc0, 0x0000029be2d88c78]

GC Heap History (16 events):
Event: 0.505 GC heap before
{Heap before GC invocations=0 (full 0):
 garbage-first heap   total 262144K, used 29696K [0x00000000e0000000, 0x0000000100000000)
  region size 1024K, 24 young (24576K), 0 survivors (0K)
 Metaspace       used 10091K, capacity 10386K, committed 10624K, reserved 264192K
  class space    used 1030K, capacity 1104K, committed 1152K, reserved 253952K
}
Event: 0.508 GC heap after
{Heap after GC invocations=1 (full 0):
 garbage-first heap   total 262144K, used 9120K [0x00000000e0000000, 0x0000000100000000)
  region size 1024K, 3 young (3072K), 3 survivors (3072K)
 Metaspace       used 10091K, capacity 10386K, committed 10624K, reserved 264192K
  class space    used 1030K, capacity 1104K, committed 1152K, reserved 253952K
}
Event: 1.896 GC heap before
{Heap before GC invocations=1 (full 0):
 garbage-first heap   total 262144K, used 104352K [0x00000000e0000000, 0x0000000100000000)
  region size 1024K, 97 young (99328K), 3 survivors (3072K)
 Metaspace       used 20695K, capacity 21149K, committed 21296K, reserved 274432K
  class space    used 2509K, capacity 2663K, committed 2688K, reserved 253952K
}
Event: 1.906 GC heap after
{Heap after GC invocations=2 (full 0):
 garbage-first heap   total 262144K, used 16904K [0x00000000e0000000, 0x0000000100000000)
  region size 1024K, 11 young (11264K), 11 survivors (11264K)
 Metaspace       used 20695K, capacity 21149K, committed 21296K, reserved 274432K
  class space    used 2509K, capacity 2663K, committed 2688K, reserved 253952K
}
Event: 2.917 GC heap before
{Heap before GC invocations=3 (full 0):
 garbage-first heap   total 262144K, used 97800K [0x00000000e0000000, 0x0000000100000000)
  region size 1024K, 75 young (76800K), 11 survivors (11264K)
 Metaspace       used 27259K, capacity 28096K, committed 28336K, reserved 278528K
  class space    used 3561K, capacity 3821K, committed 3840K, reserved 253952K
}
Event: 2.924 GC heap after
{Heap after GC invocations=4 (full 0):
 garbage-first heap   total 262144K, used 37640K [0x00000000e0000000, 0x0000000100000000)
  region size 1024K, 5 young (5120K), 5 survivors (5120K)
 Metaspace       used 27259K, capacity 28096K, committed 28336K, reserved 278528K
  class space    used 3561K, capacity 3821K, committed 3840K, reserved 253952K
}
Event: 3.540 GC heap before
{Heap before GC invocations=4 (full 0):
 garbage-first heap   total 262144K, used 107272K [0x00000000e0000000, 0x0000000100000000)
  region size 1024K, 74 young (75776K), 5 survivors (5120K)
 Metaspace       used 34477K, capacity 35565K, committed 35632K, reserved 284672K
  class space    used 4568K, capacity 4961K, committed 4992K, reserved 253952K
}
Event: 3.547 GC heap after
{Heap after GC invocations=5 (full 0):
 garbage-first heap   total 262144K, used 39762K [0x00000000e0000000, 0x0000000100000000)
  region size 1024K, 8 young (8192K), 8 survivors (8192K)
 Metaspace       used 34477K, capacity 35565K, committed 35632K, reserved 284672K
  class space    used 4568K, capacity 4961K, committed 4992K, reserved 253952K
}
Event: 4.681 GC heap before
{Heap before GC invocations=6 (full 0):
 garbage-first heap   total 262144K, used 170834K [0x00000000e0000000, 0x0000000100000000)
  region size 1024K, 113 young (115712K), 8 survivors (8192K)
 Metaspace       used 45293K, capacity 46554K, committed 46768K, reserved 294912K
  class space    used 5668K, capacity 6097K, committed 6144K, reserved 253952K
}
Event: 4.691 GC heap after
{Heap after GC invocations=7 (full 0):
 garbage-first heap   total 262144K, used 69121K [0x00000000e0000000, 0x0000000100000000)
  region size 1024K, 15 young (15360K), 15 survivors (15360K)
 Metaspace       used 45293K, capacity 46554K, committed 46768K, reserved 294912K
  class space    used 5668K, capacity 6097K, committed 6144K, reserved 253952K
}
Event: 6.134 GC heap before
{Heap before GC invocations=7 (full 0):
 garbage-first heap   total 262144K, used 193025K [0x00000000e0000000, 0x0000000100000000)
  region size 1024K, 129 young (132096K), 15 survivors (15360K)
 Metaspace       used 57069K, capacity 58723K, committed 58928K, reserved 305152K
  class space    used 7418K, capacity 8023K, committed 8064K, reserved 253952K
}
Event: 6.145 GC heap after
{Heap after GC invocations=8 (full 0):
 garbage-first heap   total 262144K, used 84676K [0x00000000e0000000, 0x0000000100000000)
  region size 1024K, 17 young (17408K), 17 survivors (17408K)
 Metaspace       used 57069K, capacity 58723K, committed 58928K, reserved 305152K
  class space    used 7418K, capacity 8023K, committed 8064K, reserved 253952K
}
Event: 6.528 GC heap before
{Heap before GC invocations=8 (full 0):
 garbage-first heap   total 262144K, used 101060K [0x00000000e0000000, 0x0000000100000000)
  region size 1024K, 35 young (35840K), 17 survivors (17408K)
 Metaspace       used 57963K, capacity 59659K, committed 59816K, reserved 307200K
  class space    used 7536K, capacity 8142K, committed 8192K, reserved 253952K
}
Event: 6.545 GC heap after
{Heap after GC invocations=9 (full 0):
 garbage-first heap   total 262144K, used 85814K [0x00000000e0000000, 0x0000000100000000)
  region size 1024K, 9 young (9216K), 9 survivors (9216K)
 Metaspace       used 57963K, capacity 59659K, committed 59816K, reserved 307200K
  class space    used 7536K, capacity 8142K, committed 8192K, reserved 253952K
}
Event: 7.193 GC heap before
{Heap before GC invocations=10 (full 0):
 garbage-first heap   total 262144K, used 239414K [0x00000000e0000000, 0x0000000100000000)
  region size 1024K, 121 young (123904K), 9 survivors (9216K)
 Metaspace       used 63812K, capacity 65903K, committed 66088K, reserved 311296K
  class space    used 8376K, capacity 9073K, committed 9088K, reserved 253952K
}
Event: 7.202 GC heap after
{Heap after GC invocations=11 (full 0):
 garbage-first heap   total 262144K, used 134865K [0x00000000e0000000, 0x0000000100000000)
  region size 1024K, 16 young (16384K), 16 survivors (16384K)
 Metaspace       used 63812K, capacity 65903K, committed 66088K, reserved 311296K
  class space    used 8376K, capacity 9073K, committed 9088K, reserved 253952K
}

Deoptimization events (20 events):
Event: 8.056 Thread 0x0000029bf1ce1000 Uncommon trap: trap_request=0xffffffc6 fr.pc=0x0000029be2a9ddac relative=0x0000000000000ecc
Event: 8.056 Thread 0x0000029bf1ce1000 Uncommon trap: reason=bimorphic_or_optimized_type_check action=maybe_recompile pc=0x0000029be2a9ddac method=java.io.DataOutputStream.writeShort(I)V @ 12 c2
Event: 8.056 Thread 0x0000029bf1ce1000 DEOPT PACKING pc=0x0000029be2a9ddac sp=0x000000b23a8fe0b0
Event: 8.056 Thread 0x0000029bf1ce1000 DEOPT UNPACKING pc=0x0000029bdaeb85af sp=0x000000b23a8fe0b8 mode 2
Event: 8.085 Thread 0x0000029bf1945000 Uncommon trap: trap_request=0xffffff4d fr.pc=0x0000029be2cf9370 relative=0x00000000000001f0
Event: 8.085 Thread 0x0000029bf1945000 Uncommon trap: reason=unstable_if action=reinterpret pc=0x0000029be2cf9370 method=sun.invoke.util.VerifyAccess.isTypeVisible(Ljava/lang/Class;Ljava/lang/Class;)Z @ 77 c2
Event: 8.085 Thread 0x0000029bf1945000 DEOPT PACKING pc=0x0000029be2cf9370 sp=0x000000b2393f83a0
Event: 8.085 Thread 0x0000029bf1945000 DEOPT UNPACKING pc=0x0000029bdaeb85af sp=0x000000b2393f8320 mode 2
Event: 8.086 Thread 0x0000029bf1945000 Uncommon trap: trap_request=0xffffffde fr.pc=0x0000029be2d0e5e4 relative=0x00000000000005e4
Event: 8.086 Thread 0x0000029bf1945000 Uncommon trap: reason=class_check action=maybe_recompile pc=0x0000029be2d0e5e4 method=com.google.common.io.CountingInputStream.read([BII)I @ 7 c2
Event: 8.086 Thread 0x0000029bf1945000 DEOPT PACKING pc=0x0000029be2d0e5e4 sp=0x000000b2393f8fc0
Event: 8.086 Thread 0x0000029bf1945000 DEOPT UNPACKING pc=0x0000029bdaeb85af sp=0x000000b2393f8fa0 mode 2
Event: 8.138 Thread 0x0000029bf1945000 Uncommon trap: trap_request=0xffffffde fr.pc=0x0000029be2d0e5e4 relative=0x00000000000005e4
Event: 8.138 Thread 0x0000029bf1945000 Uncommon trap: reason=class_check action=maybe_recompile pc=0x0000029be2d0e5e4 method=com.google.common.io.CountingInputStream.read([BII)I @ 7 c2
Event: 8.138 Thread 0x0000029bf1945000 DEOPT PACKING pc=0x0000029be2d0e5e4 sp=0x000000b2393f8890
Event: 8.138 Thread 0x0000029bf1945000 DEOPT UNPACKING pc=0x0000029bdaeb85af sp=0x000000b2393f8870 mode 2
Event: 8.151 Thread 0x0000029bf1ce1000 Uncommon trap: trap_request=0xffffffc6 fr.pc=0x0000029be2a9ddac relative=0x0000000000000ecc
Event: 8.151 Thread 0x0000029bf1ce1000 Uncommon trap: reason=bimorphic_or_optimized_type_check action=maybe_recompile pc=0x0000029be2a9ddac method=java.io.DataOutputStream.writeShort(I)V @ 12 c2
Event: 8.151 Thread 0x0000029bf1ce1000 DEOPT PACKING pc=0x0000029be2a9ddac sp=0x000000b23a8fe0b0
Event: 8.151 Thread 0x0000029bf1ce1000 DEOPT UNPACKING pc=0x0000029bdaeb85af sp=0x000000b23a8fe0b8 mode 2

Classes redefined (0 events):
No events

Internal exceptions (20 events):
Event: 7.044 Thread 0x0000029bf1945000 Exception <a 'java/lang/ClassNotFoundException'{0x00000000ea4819f0}: org/jetbrains/plugins/gradle/tooling/tasks/DependenciesReport$ReportGenerator$IdGeneratorBeanInfo> (0x00000000ea4819f0) thrown at [./src/hotspot/share/classfile/systemDictionary.cpp, line 230]
Event: 7.045 Thread 0x0000029bf1945000 Exception <a 'java/lang/ClassNotFoundException'{0x00000000ea494c90}: org/jetbrains/plugins/gradle/tooling/tasks/DependenciesReport$ReportGenerator$IdGeneratorCustomizer> (0x00000000ea494c90) thrown at [./src/hotspot/share/classfile/systemDictionary.cpp, line 230]
Event: 7.062 Thread 0x0000029bf1945000 Exception <a 'java/lang/ClassNotFoundException'{0x00000000e9af9158}: org/gradle/api/internal/artifacts/DefaultDependencySetBeanInfo> (0x00000000e9af9158) thrown at [./src/hotspot/share/classfile/systemDictionary.cpp, line 230]
Event: 7.062 Thread 0x0000029bf1945000 Exception <a 'java/lang/ClassNotFoundException'{0x00000000e9943028}: org/gradle/api/internal/DelegatingDomainObjectSetBeanInfo> (0x00000000e9943028) thrown at [./src/hotspot/share/classfile/systemDictionary.cpp, line 230]
Event: 7.062 Thread 0x0000029bf1945000 Exception <a 'java/lang/ClassNotFoundException'{0x00000000e99592a8}: org/gradle/api/internal/DelegatingDomainObjectSetCustomizer> (0x00000000e99592a8) thrown at [./src/hotspot/share/classfile/systemDictionary.cpp, line 230]
Event: 7.063 Thread 0x0000029bf1945000 Exception <a 'java/lang/ClassNotFoundException'{0x00000000e9996550}: org/gradle/api/internal/artifacts/DefaultDependencySetCustomizer> (0x00000000e9996550) thrown at [./src/hotspot/share/classfile/systemDictionary.cpp, line 230]
Event: 7.069 Thread 0x0000029bf54c7800 Exception <a 'java/lang/NoSuchMethodError'{0x00000000e97d02c8}: <clinit>> (0x00000000e97d02c8) thrown at [./src/hotspot/share/prims/jni.cpp, line 1367]
Event: 7.071 Thread 0x0000029bf54c7800 Exception <a 'java/lang/NoSuchMethodError'{0x00000000e9693950}: <clinit>> (0x00000000e9693950) thrown at [./src/hotspot/share/prims/jni.cpp, line 1367]
Event: 7.072 Thread 0x0000029bf54c7800 Exception <a 'java/lang/NoSuchMethodError'{0x00000000e96a23e0}: <clinit>> (0x00000000e96a23e0) thrown at [./src/hotspot/share/prims/jni.cpp, line 1367]
Event: 7.073 Thread 0x0000029bf54c7800 Exception <a 'java/lang/NoSuchMethodError'{0x00000000e96ab568}: <clinit>> (0x00000000e96ab568) thrown at [./src/hotspot/share/prims/jni.cpp, line 1367]
Event: 7.241 Thread 0x0000029bf1945000 Implicit null exception at 0x0000029be29b88f4 to 0x0000029be29b8e28
Event: 7.259 Thread 0x0000029bf0d9b800 Exception <a 'java/lang/NoSuchMethodError'{0x00000000ef900cd0}: <clinit>> (0x00000000ef900cd0) thrown at [./src/hotspot/share/prims/jni.cpp, line 1367]
Event: 7.259 Thread 0x0000029bf0d9b800 Exception <a 'java/lang/NoSuchMethodError'{0x00000000ef911350}: <clinit>> (0x00000000ef911350) thrown at [./src/hotspot/share/prims/jni.cpp, line 1367]
Event: 7.260 Thread 0x0000029bf0d9b800 Exception <a 'java/lang/NoSuchMethodError'{0x00000000ef9134e0}: <clinit>> (0x00000000ef9134e0) thrown at [./src/hotspot/share/prims/jni.cpp, line 1367]
Event: 7.303 Thread 0x0000029bf1945000 Exception <a 'sun/nio/fs/WindowsException'{0x00000000ef616f58}> (0x00000000ef616f58) thrown at [./src/hotspot/share/prims/jni.cpp, line 617]
Event: 8.051 Thread 0x0000029bf0d9b800 Exception <a 'java/lang/NoSuchMethodError'{0x00000000ed906c20}: <clinit>> (0x00000000ed906c20) thrown at [./src/hotspot/share/prims/jni.cpp, line 1367]
Event: 8.054 Thread 0x0000029bf0d9b800 Exception <a 'java/lang/NoSuchMethodError'{0x00000000ed910468}: <clinit>> (0x00000000ed910468) thrown at [./src/hotspot/share/prims/jni.cpp, line 1367]
Event: 8.056 Thread 0x0000029bf0d9b800 Exception <a 'java/lang/NoSuchMethodError'{0x00000000ed9407b0}: <clinit>> (0x00000000ed9407b0) thrown at [./src/hotspot/share/prims/jni.cpp, line 1367]
Event: 8.056 Thread 0x0000029bf0d9b800 Exception <a 'java/lang/NoSuchMethodError'{0x00000000ed9413e0}: <clinit>> (0x00000000ed9413e0) thrown at [./src/hotspot/share/prims/jni.cpp, line 1367]
Event: 8.056 Thread 0x0000029bf0d9b800 Exception <a 'java/lang/NoSuchMethodError'{0x00000000ed9420b0}: <clinit>> (0x00000000ed9420b0) thrown at [./src/hotspot/share/prims/jni.cpp, line 1367]

Events (20 events):
Event: 8.201 loading class org/gradle/internal/component/external/model/AbstractMutableModuleComponentResolveMetadata$DependencyConstraintImpl
Event: 8.201 loading class org/gradle/internal/component/external/model/AbstractMutableModuleComponentResolveMetadata$DependencyConstraintImpl done
Event: 8.201 loading class org/gradle/internal/component/external/model/ComponentVariant$DependencyConstraint
Event: 8.201 loading class org/gradle/internal/component/external/model/ComponentVariant$DependencyConstraint done
Event: 8.206 loading class org/gradle/internal/component/external/model/ConfigurationBoundExternalDependencyMetadata
Event: 8.206 loading class org/gradle/internal/component/external/model/ConfigurationBoundExternalDependencyMetadata done
Event: 8.208 loading class org/gradle/api/internal/file/DefaultFileVisitDetails
Event: 8.208 loading class org/gradle/api/internal/file/DefaultFileVisitDetails done
Event: 8.209 loading class org/gradle/api/internal/file/DefaultFileTreeElement
Event: 8.209 loading class org/gradle/api/internal/file/DefaultFileTreeElement done
Event: 8.210 loading class org/gradle/api/internal/file/AbstractFileTreeElement
Event: 8.210 loading class org/gradle/api/internal/file/AbstractFileTreeElement done
Event: 8.210 loading class org/gradle/api/internal/file/AbstractFileTreeElement$CopyFileElementException
Event: 8.210 loading class org/gradle/api/internal/file/AbstractFileTreeElement$CopyFileElementException done
Event: 8.285 loading class com/sun/org/apache/xerces/internal/dom/AttributeMap
Event: 8.286 loading class com/sun/org/apache/xerces/internal/dom/AttributeMap done
Event: 8.286 loading class com/sun/org/apache/xerces/internal/dom/DeferredAttrImpl
Event: 8.286 loading class com/sun/org/apache/xerces/internal/dom/AttrImpl
Event: 8.286 loading class com/sun/org/apache/xerces/internal/dom/AttrImpl done
Event: 8.286 loading class com/sun/org/apache/xerces/internal/dom/DeferredAttrImpl done


Dynamic libraries:
0x00007ff6f4910000 - 0x00007ff6f491d000 	C:\Users\USER\.jdks\corretto-11.0.17\bin\java.exe
0x00007ffd5d040000 - 0x00007ffd5d249000 	C:\WINDOWS\SYSTEM32\ntdll.dll
0x00007ffd5cc80000 - 0x00007ffd5cd3e000 	C:\WINDOWS\System32\KERNEL32.DLL
0x00007ffd5a520000 - 0x00007ffd5a8a3000 	C:\WINDOWS\System32\KERNELBASE.dll
0x00007ffd5aaf0000 - 0x00007ffd5ac01000 	C:\WINDOWS\System32\ucrtbase.dll
0x00007ffd52d40000 - 0x00007ffd52d59000 	C:\Users\USER\.jdks\corretto-11.0.17\bin\VCRUNTIME140.dll
0x00007ffd4f1c0000 - 0x00007ffd4f1d7000 	C:\Users\USER\.jdks\corretto-11.0.17\bin\jli.dll
0x00007ffd5c940000 - 0x00007ffd5caed000 	C:\WINDOWS\System32\USER32.dll
0x00007ffd4a010000 - 0x00007ffd4a2b5000 	C:\WINDOWS\WinSxS\amd64_microsoft.windows.common-controls_6595b64144ccf1df_6.0.22000.120_none_9d947278b86cc467\COMCTL32.dll
0x00007ffd5a4f0000 - 0x00007ffd5a516000 	C:\WINDOWS\System32\win32u.dll
0x00007ffd5c830000 - 0x00007ffd5c8d3000 	C:\WINDOWS\System32\msvcrt.dll
0x00007ffd5cd50000 - 0x00007ffd5cd79000 	C:\WINDOWS\System32\GDI32.dll
0x00007ffd5a930000 - 0x00007ffd5aa4a000 	C:\WINDOWS\System32\gdi32full.dll
0x00007ffd5aa50000 - 0x00007ffd5aaed000 	C:\WINDOWS\System32\msvcp_win.dll
0x00007ffd5bad0000 - 0x00007ffd5bb01000 	C:\WINDOWS\System32\IMM32.DLL
0x00007ffd33280000 - 0x00007ffd3331b000 	C:\Users\USER\.jdks\corretto-11.0.17\bin\msvcp140.dll
0x00007ffd218c0000 - 0x00007ffd22445000 	C:\Users\USER\.jdks\corretto-11.0.17\bin\server\jvm.dll
0x00007ffd5ce70000 - 0x00007ffd5cf1e000 	C:\WINDOWS\System32\ADVAPI32.dll
0x00007ffd5cbe0000 - 0x00007ffd5cc7e000 	C:\WINDOWS\System32\sechost.dll
0x00007ffd5afc0000 - 0x00007ffd5b0e1000 	C:\WINDOWS\System32\RPCRT4.dll
0x00007ffd5cd40000 - 0x00007ffd5cd48000 	C:\WINDOWS\System32\PSAPI.DLL
0x00007ffd56740000 - 0x00007ffd56749000 	C:\WINDOWS\SYSTEM32\WSOCK32.dll
0x00007ffd541b0000 - 0x00007ffd541e3000 	C:\WINDOWS\SYSTEM32\WINMM.dll
0x00007ffd55100000 - 0x00007ffd5510a000 	C:\WINDOWS\SYSTEM32\VERSION.dll
0x00007ffd5b750000 - 0x00007ffd5b7bf000 	C:\WINDOWS\System32\WS2_32.dll
0x00007ffd59530000 - 0x00007ffd59548000 	C:\WINDOWS\SYSTEM32\kernel.appcore.dll
0x00007ffd532a0000 - 0x00007ffd532b0000 	C:\Users\USER\.jdks\corretto-11.0.17\bin\verify.dll
0x00007ffd57760000 - 0x00007ffd57981000 	C:\WINDOWS\SYSTEM32\DBGHELP.DLL
0x00007ffd55110000 - 0x00007ffd55141000 	C:\WINDOWS\SYSTEM32\dbgcore.DLL
0x00007ffd5a8b0000 - 0x00007ffd5a92f000 	C:\WINDOWS\System32\bcryptPrimitives.dll
0x00007ffd4a710000 - 0x00007ffd4a738000 	C:\Users\USER\.jdks\corretto-11.0.17\bin\java.dll
0x00007ffd52ae0000 - 0x00007ffd52aea000 	C:\Users\USER\.jdks\corretto-11.0.17\bin\jimage.dll
0x00007ffd4f0d0000 - 0x00007ffd4f0e8000 	C:\Users\USER\.jdks\corretto-11.0.17\bin\zip.dll
0x00007ffd5c060000 - 0x00007ffd5c825000 	C:\WINDOWS\System32\SHELL32.dll
0x00007ffd58590000 - 0x00007ffd58df4000 	C:\WINDOWS\SYSTEM32\windows.storage.dll
0x00007ffd5bcd0000 - 0x00007ffd5c046000 	C:\WINDOWS\System32\combase.dll
0x00007ffd58420000 - 0x00007ffd58587000 	C:\WINDOWS\SYSTEM32\wintypes.dll
0x00007ffd5caf0000 - 0x00007ffd5cbda000 	C:\WINDOWS\System32\SHCORE.dll
0x00007ffd5b0f0000 - 0x00007ffd5b14d000 	C:\WINDOWS\System32\shlwapi.dll
0x00007ffd5a420000 - 0x00007ffd5a441000 	C:\WINDOWS\SYSTEM32\profapi.dll
0x00007ffd47540000 - 0x00007ffd47559000 	C:\Users\USER\.jdks\corretto-11.0.17\bin\net.dll
0x00007ffd552f0000 - 0x00007ffd55402000 	C:\WINDOWS\SYSTEM32\WINHTTP.dll
0x00007ffd599c0000 - 0x00007ffd59a27000 	C:\WINDOWS\system32\mswsock.dll
0x00007ffd476f0000 - 0x00007ffd47703000 	C:\Users\USER\.jdks\corretto-11.0.17\bin\nio.dll
0x00007ffd54140000 - 0x00007ffd54167000 	C:\Users\USER\.gradle\native\e1d6ef7f7dcc3fd88c89a11ec53ec762bb8ba0a96d01ffa2cd45eb1d1d8dd5c5\windows-amd64\native-platform.dll
0x00007ffd25070000 - 0x00007ffd251b4000 	C:\Users\USER\.gradle\native\0d407fdbe67a94daf76414ababcb853783967236a71b16ec16e742cd7a986fd3\windows-amd64\native-platform-file-events.dll
0x00007ffd52f60000 - 0x00007ffd52f69000 	C:\Users\USER\.jdks\corretto-11.0.17\bin\management.dll
0x00007ffd50920000 - 0x00007ffd5092b000 	C:\Users\USER\.jdks\corretto-11.0.17\bin\management_ext.dll
0x00007ffd59c90000 - 0x00007ffd59ca8000 	C:\WINDOWS\SYSTEM32\CRYPTSP.dll
0x00007ffd59490000 - 0x00007ffd594c5000 	C:\WINDOWS\system32\rsaenh.dll
0x00007ffd59a60000 - 0x00007ffd59a89000 	C:\WINDOWS\SYSTEM32\USERENV.dll
0x00007ffd59ed0000 - 0x00007ffd59ef7000 	C:\WINDOWS\SYSTEM32\bcrypt.dll
0x00007ffd59bb0000 - 0x00007ffd59bbc000 	C:\WINDOWS\SYSTEM32\CRYPTBASE.dll
0x00007ffd59050000 - 0x00007ffd5907d000 	C:\WINDOWS\SYSTEM32\IPHLPAPI.DLL
0x00007ffd5c050000 - 0x00007ffd5c059000 	C:\WINDOWS\System32\NSI.dll
0x00007ffd556f0000 - 0x00007ffd55709000 	C:\WINDOWS\SYSTEM32\dhcpcsvc6.DLL
0x00007ffd562c0000 - 0x00007ffd562de000 	C:\WINDOWS\SYSTEM32\dhcpcsvc.DLL
0x00007ffd59080000 - 0x00007ffd59168000 	C:\WINDOWS\SYSTEM32\DNSAPI.dll
0x00007ffd50080000 - 0x00007ffd5008e000 	C:\Users\USER\.jdks\corretto-11.0.17\bin\sunmscapi.dll
0x00007ffd5ad40000 - 0x00007ffd5aea2000 	C:\WINDOWS\System32\CRYPT32.dll
0x00007ffd59ea0000 - 0x00007ffd59eca000 	C:\WINDOWS\SYSTEM32\ncrypt.dll
0x00007ffd59e60000 - 0x00007ffd59e97000 	C:\WINDOWS\SYSTEM32\NTASN1.dll
0x00007ffd40c40000 - 0x00007ffd40c65000 	C:\Users\USER\.jdks\corretto-11.0.17\bin\sunec.dll
0x00007ffd536e0000 - 0x00007ffd536ea000 	C:\Windows\System32\rasadhlp.dll
0x00007ffd537f0000 - 0x00007ffd53871000 	C:\WINDOWS\System32\fwpuclnt.dll

dbghelp: loaded successfully - version: 4.0.5 - missing functions: none
symbol engine: initialized successfully - sym options: 0x614 - pdb path: .;C:\Users\USER\.jdks\corretto-11.0.17\bin;C:\WINDOWS\SYSTEM32;C:\WINDOWS\WinSxS\amd64_microsoft.windows.common-controls_6595b64144ccf1df_6.0.22000.120_none_9d947278b86cc467;C:\Users\USER\.jdks\corretto-11.0.17\bin\server;C:\Users\USER\.gradle\native\e1d6ef7f7dcc3fd88c89a11ec53ec762bb8ba0a96d01ffa2cd45eb1d1d8dd5c5\windows-amd64;C:\Users\USER\.gradle\native\0d407fdbe67a94daf76414ababcb853783967236a71b16ec16e742cd7a986fd3\windows-amd64

VM Arguments:
jvm_args: --add-opens=java.base/java.util=ALL-UNNAMED --add-opens=java.base/java.lang=ALL-UNNAMED --add-opens=java.base/java.lang.invoke=ALL-UNNAMED --add-opens=java.base/java.util=ALL-UNNAMED --add-opens=java.prefs/java.util.prefs=ALL-UNNAMED --add-opens=java.prefs/java.util.prefs=ALL-UNNAMED --add-opens=java.base/java.nio.charset=ALL-UNNAMED --add-opens=java.base/java.net=ALL-UNNAMED --add-opens=java.base/java.util.concurrent.atomic=ALL-UNNAMED -XX:MaxMetaspaceSize=256m -XX:+HeapDumpOnOutOfMemoryError -Xms256m -Xmx512m -Dfile.encoding=windows-1251 -Duser.country=RU -Duser.language=ru -Duser.variant 
java_command: org.gradle.launcher.daemon.bootstrap.GradleDaemon 7.4
java_class_path (initial): C:\Users\USER\.gradle\wrapper\dists\gradle-7.4-bin\c0gwcg53nkjbqw7r0h0umtfvt\gradle-7.4\lib\gradle-launcher-7.4.jar
Launcher Type: SUN_STANDARD

[Global flags]
     intx CICompilerCount                          = 4                                         {product} {ergonomic}
   size_t CompressedClassSpaceSize                 = 260046848                                 {product} {ergonomic}
     uint ConcGCThreads                            = 2                                         {product} {ergonomic}
     uint G1ConcRefinementThreads                  = 8                                         {product} {ergonomic}
   size_t G1HeapRegionSize                         = 1048576                                   {product} {ergonomic}
    uintx GCDrainStackTargetSize                   = 64                                        {product} {ergonomic}
     bool HeapDumpOnOutOfMemoryError               = true                                   {manageable} {command line}
   size_t InitialHeapSize                          = 268435456                                 {product} {command line}
   size_t MarkStackSize                            = 4194304                                   {product} {ergonomic}
   size_t MaxHeapSize                              = 536870912                                 {product} {command line}
   size_t MaxMetaspaceSize                         = 268435456                                 {product} {command line}
   size_t MaxNewSize                               = 321912832                                 {product} {ergonomic}
   size_t MinHeapDeltaBytes                        = 1048576                                   {product} {ergonomic}
    uintx NonNMethodCodeHeapSize                   = 5836300                                {pd product} {ergonomic}
    uintx NonProfiledCodeHeapSize                  = 122910970                              {pd product} {ergonomic}
    uintx ProfiledCodeHeapSize                     = 122910970                              {pd product} {ergonomic}
    uintx ReservedCodeCacheSize                    = 251658240                              {pd product} {ergonomic}
     bool SegmentedCodeCache                       = true                                      {product} {ergonomic}
     bool UseCompressedClassPointers               = true                                 {lp64_product} {ergonomic}
     bool UseCompressedOops                        = true                                 {lp64_product} {ergonomic}
     bool UseG1GC                                  = true                                      {product} {ergonomic}
     bool UseLargePagesIndividualAllocation        = false                                  {pd product} {ergonomic}

Logging:
Log output configuration:
 #0: stdout all=warning uptime,level,tags
 #1: stderr all=off uptime,level,tags

Environment Variables:
PATH=C:\Program Files\Eclipse Adoptium\jdk-11.0.16.101-hotspot\bin;C:\WINDOWS\system32;C:\WINDOWS;C:\WINDOWS\System32\Wbem;C:\WINDOWS\System32\WindowsPowerShell\v1.0\;C:\WINDOWS\System32\OpenSSH\;C:\Program Files (x86)\Common Files\Acronis\SnapAPI\;C:\Program Files\Git\cmd;C:\Program Files\Docker\Docker\resources\bin;C:\Users\USER\AppData\Local\Microsoft\WindowsApps;;C:\Users\USER\AppData\Local\Programs\Microsoft VS Code\bin
USERNAME=USER
OS=Windows_NT
PROCESSOR_IDENTIFIER=Intel64 Family 6 Model 140 Stepping 1, GenuineIntel
TMP=C:\Users\USER\AppData\Local\Temp
TEMP=C:\Users\USER\AppData\Local\Temp



---------------  S Y S T E M  ---------------

OS: Windows 11 , 64 bit Build 22000 (10.0.22000.1761)
OS uptime: 4 days 20:04 hours
Hyper-V role detected

CPU:total 8 (initial active 8) (4 cores per cpu, 2 threads per core) family 6 model 140 stepping 1 microcode 0x8a, cmov, cx8, fxsr, mmx, sse, sse2, sse3, ssse3, sse4.1, sse4.2, popcnt, avx, avx2, aes, clmul, erms, 3dnowpref, lzcnt, ht, tsc, tscinvbit, bmi1, bmi2, adx, evex, sha, fma

Memory: 4k page, system-wide physical 16126M (3403M free)
TotalPageFile size 18126M (AvailPageFile size 6M)
current process WorkingSet (physical memory assigned to process): 461M, peak: 464M
current process commit charge ("private bytes"): 512M, peak: 514M

vm_info: OpenJDK 64-Bit Server VM (11.0.17+8-LTS) for windows-amd64 JRE (11.0.17+8-LTS), built on Oct 14 2022 18:02:01 by "Administrator" with MS VC++ 15.9 (VS2017)

END.
